This is XeTeX, Version 3.1415926-2.2-0.9997.4 (Web2C 2010) (format=xelatex 2010.11.15)  10 JAN 2020 12:12
entering extended mode
 restricted \write18 enabled.
 %&-line parsing enabled.
**Bloom.tex
(./Bloom.tex
LaTeX2e <2009/09/24>
Babel <v3.8l> and hyphenation patterns for english, dumylang, nohyphenation, ge
rman-x-2009-06-19, ngerman-x-2009-06-19, afrikaans, ancientgreek, ibycus, arabi
c, armenian, basque, bulgarian, catalan, pinyin, coptic, croatian, czech, danis
h, dutch, ukenglish, usenglishmax, esperanto, estonian, farsi, finnish, french,
 galician, german, ngerman, swissgerman, monogreek, greek, hungarian, icelandic
, assamese, bengali, gujarati, hindi, kannada, malayalam, marathi, oriya, panja
bi, tamil, telugu, indonesian, interlingua, irish, italian, kurmanji, lao, lati
n, latvian, lithuanian, mongolian, mongolianlmc, bokmal, nynorsk, polish, portu
guese, romanian, russian, sanskrit, serbian, slovak, slovenian, spanish, swedis
h, turkish, turkmen, ukrainian, uppersorbian, welsh, loaded.
(c:/Program Files (x86)/XLingPaper/XeLaTeX/texmf-dist/tex/latex/base/book.cls
Document Class: book 2007/10/19 v1.4h Standard LaTeX document class
(c:/Program Files (x86)/XLingPaper/XeLaTeX/texmf-dist/tex/latex/base/bk11.clo
File: bk11.clo 2007/10/19 v1.4h Standard LaTeX file (size option)
)
\c@part=\count80
\c@chapter=\count81
\c@section=\count82
\c@subsection=\count83
\c@subsubsection=\count84
\c@paragraph=\count85
\c@subparagraph=\count86
\c@figure=\count87
\c@table=\count88
\abovecaptionskip=\skip41
\belowcaptionskip=\skip42
\bibindent=\dimen102
)
(c:/Program Files (x86)/XLingPaper/XeLaTeX/texmf-dist/tex/latex/mdframed/mdfram
ed.sty
Package: mdframed 2012/04/08 v1.5: mdframed

(c:/Program Files (x86)/XLingPaper/XeLaTeX/texmf-dist/tex/latex/oberdiek/kvopti
ons.sty
Package: kvoptions 2010/02/22 v3.7 Keyval support for LaTeX options (HO)

(c:/Program Files (x86)/XLingPaper/XeLaTeX/texmf-dist/tex/latex/graphics/keyval
.sty
Package: keyval 1999/03/16 v1.13 key=value parser (DPC)
\KV@toks@=\toks14
)
(c:/Program Files (x86)/XLingPaper/XeLaTeX/texmf-dist/tex/generic/oberdiek/kvse
tkeys.sty
Package: kvsetkeys 2010/03/01 v1.9 Key value parser (HO)

(c:/Program Files (x86)/XLingPaper/XeLaTeX/texmf-dist/tex/generic/oberdiek/infw
arerr.sty
Package: infwarerr 2010/04/08 v1.3 Providing info/warning/message (HO)
)
(c:/Program Files (x86)/XLingPaper/XeLaTeX/texmf-dist/tex/generic/oberdiek/etex
cmds.sty
Package: etexcmds 2010/01/28 v1.3 Prefix for e-TeX command names (HO)
Package etexcmds Info: Could not find \expanded.
(etexcmds)             That can mean that you are not using pdfTeX 1.50 or
(etexcmds)             that some package has redefined \expanded.
(etexcmds)             In the latter case, load this package earlier.
)))
(c:/Program Files (x86)/XLingPaper/XeLaTeX/texmf-dist/tex/latex/xpackages/xbase
/xparse.sty
(c:/Program Files (x86)/XLingPaper/XeLaTeX/texmf-dist/tex/latex/expl3/l3names.s
ty
Package: l3names 2010/10/03 v2064 L3 Experimental Naming Scheme for TeX Primiti
ves
)
Package: xparse 2010/10/13 v2073 Generic document command parser

(c:/Program Files (x86)/XLingPaper/XeLaTeX/texmf-dist/tex/latex/expl3/expl3.sty
Package: expl3 2010/10/02 v2056 L3 Experimental code bundle wrapper

(c:/Program Files (x86)/XLingPaper/XeLaTeX/texmf-dist/tex/latex/etex-pkg/etex.s
ty
Package: etex 1998/03/26 v2.0 eTeX basic definition package (PEB)
\et@xins=\count89
)
(c:/Program Files (x86)/XLingPaper/XeLaTeX/texmf-dist/tex/latex/expl3/l3basics.
sty
Package: l3basics 2010/10/03 v2063 L3 Experimental basic definitions
)
(c:/Program Files (x86)/XLingPaper/XeLaTeX/texmf-dist/tex/latex/expl3/l3expan.s
ty
Package: l3expan 2010/09/20 v2037 L3 Experimental Argument Expansion module
)
(c:/Program Files (x86)/XLingPaper/XeLaTeX/texmf-dist/tex/latex/expl3/l3tl.sty
Package: l3tl 2010/10/29 v2081 L3 Experimental Token Lists
)
(c:/Program Files (x86)/XLingPaper/XeLaTeX/texmf-dist/tex/latex/expl3/l3int.sty
Package: l3int 2010/10/17 v2077 L3 Experimental Integer module
\l_tmpa_int=\count90
\l_tmpb_int=\count91
\l_tmpc_int=\count92
\g_tmpa_int=\count93
\g_tmpb_int=\count94
\c_max_int=\count95
\g_tl_inline_level_int=\count96
)
(c:/Program Files (x86)/XLingPaper/XeLaTeX/texmf-dist/tex/latex/expl3/l3quark.s
ty
Package: l3quark 2010/09/20 v2036 L3 Experimental Quark Commands
)
(c:/Program Files (x86)/XLingPaper/XeLaTeX/texmf-dist/tex/latex/expl3/l3seq.sty
Package: l3seq 2010/03/29 v1879 L3 Experimental sequences and stacks
)
(c:/Program Files (x86)/XLingPaper/XeLaTeX/texmf-dist/tex/latex/expl3/l3toks.st
y
Package: l3toks 2010/09/20 v2037 L3 Experimental Token Registers
\l_tmpb_toks=\toks15
\l_tmpc_toks=\toks16
\g_tmpa_toks=\toks17
\g_tmpb_toks=\toks18
\g_tmpc_toks=\toks19
\c_empty_toks=\toks20
\l_tl_replace_toks=\toks21
)
(c:/Program Files (x86)/XLingPaper/XeLaTeX/texmf-dist/tex/latex/expl3/l3prg.sty
Package: l3prg 2010/10/03 v2063 L3 Experimental control structures
\g_prg_inline_level_int=\count97
)
(c:/Program Files (x86)/XLingPaper/XeLaTeX/texmf-dist/tex/latex/expl3/l3clist.s
ty
Package: l3clist 2010/10/09 v2071 L3 Experimental comma separated lists
\g_clist_map_inline_int=\count98
)
(c:/Program Files (x86)/XLingPaper/XeLaTeX/texmf-dist/tex/latex/expl3/l3token.s
ty
Package: l3token 2010/10/03 v2063 L3 Experimental token investigation and manip
ulation
)
(c:/Program Files (x86)/XLingPaper/XeLaTeX/texmf-dist/tex/latex/expl3/l3prop.st
y
Package: l3prop 2010/03/21 v1857 L3 Experimental Property Lists
\g_prop_inline_level_int=\count99
)
(c:/Program Files (x86)/XLingPaper/XeLaTeX/texmf-dist/tex/latex/expl3/l3msg.sty
Package: l3msg 2010/10/02 v2052 L3 Experimental LaTeX Messages module
\l_msg_redirect_classes_prop=\toks22
\l_msg_redirect_names_prop=\toks23
\l_msg_redirect_fatal_prop=\toks24
\l_msg_redirect_error_prop=\toks25
\l_msg_redirect_warning_prop=\toks26
\l_msg_redirect_info_prop=\toks27
\l_msg_redirect_log_prop=\toks28
\l_msg_redirect_trace_prop=\toks29
\l_msg_redirect_none_prop=\toks30
)
(c:/Program Files (x86)/XLingPaper/XeLaTeX/texmf-dist/tex/latex/expl3/l3io.sty
Package: l3io 2010/10/03 v2063 L3 Experimental i/o module
\g_iow_streams_prop=\toks31
\g_ior_streams_prop=\toks32
\l_iow_stream_int=\count100
)
(c:/Program Files (x86)/XLingPaper/XeLaTeX/texmf-dist/tex/latex/expl3/l3skip.st
y
Package: l3skip 2010/10/03 v2063 L3 Experimental skip registers
\l_tmpa_skip=\skip43
\l_tmpb_skip=\skip44
\l_tmpc_skip=\skip45
\g_tmpa_skip=\skip46
\g_tmpb_skip=\skip47
\l_tmpa_dim=\dimen103
\l_tmpb_dim=\dimen104
\l_tmpc_dim=\dimen105
\l_tmpd_dim=\dimen106
\g_tmpa_dim=\dimen107
\g_tmpb_dim=\dimen108
)
(c:/Program Files (x86)/XLingPaper/XeLaTeX/texmf-dist/tex/latex/expl3/l3box.sty
Package: l3box 2010/09/26 v2048 L3 Experimental Box module
\l_tmpb_box=\box26
)
(c:/Program Files (x86)/XLingPaper/XeLaTeX/texmf-dist/tex/latex/expl3/l3keyval.
sty
Package: l3keyval 2010/04/11 v1890 L3 Experimental keyval processing
\l_KV_level_int=\count101
)
(c:/Program Files (x86)/XLingPaper/XeLaTeX/texmf-dist/tex/latex/expl3/l3keys.st
y
Package: l3keys 2010/10/27 v2079 L3 Experimental key-value support
\l_keys_choice_int=\count102
)
(c:/Program Files (x86)/XLingPaper/XeLaTeX/texmf-dist/tex/latex/expl3/l3precom.
sty
Package: l3precom 2010/02/09 v1793 L3 Experimental precompilation module
\g_gen_sym_int=\count103
\g_ggen_sym_int=\count104
)
(c:/Program Files (x86)/XLingPaper/XeLaTeX/texmf-dist/tex/latex/expl3/l3xref.st
y
Package: l3xref 2010/02/09 v1786 L3 Experimental cross referencing
\g_xref_all_curr_immediate_fields_prop=\toks33
\g_xref_all_curr_deferred_fields_prop=\toks34
)
(c:/Program Files (x86)/XLingPaper/XeLaTeX/texmf-dist/tex/latex/expl3/l3file.st
y
Package: l3file 2010/03/21 v1853 L3 Experimental file loading
)
(c:/Program Files (x86)/XLingPaper/XeLaTeX/texmf-dist/tex/latex/expl3/l3fp.sty
Package: l3fp 2010/10/27 v2080 L3 Experimental floating-point operations
\c_forty_four=\count105
\c_one_hundred=\count106
\c_one_thousand=\count107
\c_one_million=\count108
\c_one_hundred_million=\count109
\c_five_hundred_million=\count110
\c_one_thousand_million=\count111
\c_fp_pi_by_four_decimal_int=\count112
\c_fp_pi_by_four_extended_int=\count113
\c_fp_pi_decimal_int=\count114
\c_fp_pi_extended_int=\count115
\c_fp_two_pi_decimal_int=\count116
\c_fp_two_pi_extended_int=\count117
\l_fp_count_int=\count118
\l_fp_div_offset_int=\count119
\l_fp_input_a_sign_int=\count120
\l_fp_input_a_integer_int=\count121
\l_fp_input_a_decimal_int=\count122
\l_fp_input_a_exponent_int=\count123
\l_fp_input_b_sign_int=\count124
\l_fp_input_b_integer_int=\count125
\l_fp_input_b_decimal_int=\count126
\l_fp_input_b_exponent_int=\count127
\l_fp_input_a_extended_int=\count128
\l_fp_input_b_extended_int=\count129
\l_fp_mul_a_i_int=\count130
\l_fp_mul_a_ii_int=\count131
\l_fp_mul_a_iii_int=\count132
\l_fp_mul_a_iv_int=\count133
\l_fp_mul_a_v_int=\count134
\l_fp_mul_a_vi_int=\count135
\l_fp_mul_b_i_int=\count136
\l_fp_mul_b_ii_int=\count137
\l_fp_mul_b_iii_int=\count138
\l_fp_mul_b_iv_int=\count139
\l_fp_mul_b_v_int=\count140
\l_fp_mul_b_vi_int=\count141
\l_fp_mul_output_int=\count142
\l_fp_output_sign_int=\count143
\l_fp_output_integer_int=\count144
\l_fp_output_decimal_int=\count145
\l_fp_output_exponent_int=\count146
\l_fp_output_extended_int=\count147
\l_fp_round_position_int=\count148
\l_fp_round_target_int=\count149
\l_fp_split_sign_int=\count150
\l_fp_tmp_int=\count151
\l_fp_trig_octant_int=\count152
\l_fp_trig_sign_int=\count153
\l_fp_trig_decimal_int=\count154
\l_fp_trig_extended_int=\count155
\l_fp_tmp_dim=\dimen109
\l_fp_tmp_skip=\skip48
)
(c:/Program Files (x86)/XLingPaper/XeLaTeX/texmf-dist/tex/latex/expl3/l3luatex.
sty
Package: l3luatex 2010/07/18 v1985 L3 Experimental LuaTeX functions
\g_cctab_allocate_int=\count156
\g_cctab_stack_int=\count157
)
(c:/Program Files (x86)/XLingPaper/XeLaTeX/texmf-dist/tex/latex/tools/calc.sty
Package: calc 2007/08/22 v4.3 Infix arithmetic (KKT,FJ)
\calc@Acount=\count158
\calc@Bcount=\count159
\calc@Adimen=\dimen110
\calc@Bdimen=\dimen111
\calc@Askip=\skip49
\calc@Bskip=\skip50
LaTeX Info: Redefining \setlength on input line 76.
LaTeX Info: Redefining \addtolength on input line 77.
\calc@Ccount=\count160
\calc@Cskip=\skip51
))
\c_xparse_shorthands_prop=\toks35
\l_xparse_m_args_int=\count161
\l_xparse_mandatory_args_int=\count162
\l_xparse_processor_int=\count163
\l_xparse_total_args_int=\count164
)
(c:/Program Files (x86)/XLingPaper/XeLaTeX/texmf-dist/tex/latex/etoolbox/etoolb
ox.sty
Package: etoolbox 2011/01/03 v2.1 e-TeX tools for LaTeX
\etb@tempcnta=\count165
)
(c:/Program Files (x86)/XLingPaper/XeLaTeX/texmf-dist/tex/latex/oberdiek/zref-a
bspage.sty
Package: zref-abspage 2010/05/01 v2.17 Module abspage for zref (HO)

(c:/Program Files (x86)/XLingPaper/XeLaTeX/texmf-dist/tex/latex/oberdiek/zref-b
ase.sty
Package: zref-base 2010/05/01 v2.17 Module base for zref (HO)

(c:/Program Files (x86)/XLingPaper/XeLaTeX/texmf-dist/tex/generic/oberdiek/ltxc
mds.sty
Package: ltxcmds 2010/04/26 v1.7 LaTeX kernel commands for general use (HO)
)
(c:/Program Files (x86)/XLingPaper/XeLaTeX/texmf-dist/tex/latex/oberdiek/auxhoo
k.sty
Package: auxhook 2009/12/14 v1.2 Hooks for auxiliary files (HO)
)
Package zref Info: New property list: main on input line 525.
Package zref Info: New property: default on input line 526.
Package zref Info: New property: page on input line 527.
)
(c:/Program Files (x86)/XLingPaper/XeLaTeX/texmf-dist/tex/generic/oberdiek/atbe
gshi.sty
Package: atbegshi 2010/03/25 v1.12 At begin shipout hook (HO)

(c:/Program Files (x86)/XLingPaper/XeLaTeX/texmf-dist/tex/generic/oberdiek/ifpd
f.sty
Package: ifpdf 2010/01/28 v2.1 Provides the ifpdf switch (HO)
Package ifpdf Info: pdfTeX in pdf mode not detected.
))
\c@abspage=\count166
Package zref Info: New property: abspage on input line 59.
)
(c:/Program Files (x86)/XLingPaper/XeLaTeX/texmf-dist/tex/latex/graphics/color.
sty
Package: color 2005/11/14 v1.0j Standard LaTeX Color (DPC)

(c:/Program Files (x86)/XLingPaper/XeLaTeX/texmf-dist/tex/latex/latexconfig/col
or.cfg
File: color.cfg 2007/01/18 v1.5 color configuration of teTeX/TeXLive
)
Package color Info: Driver file: xetex.def on input line 130.

(c:/Program Files (x86)/XLingPaper/XeLaTeX/texmf-dist/tex/xelatex/xetex-def/xet
ex.def
File: xetex.def 2009/11/22 v0.94 LaTeX color/graphics driver for XeTeX (RRM/JK)

))
\mdf@templength=\skip52
\c@mdf@globalstyle@cnt=\count167
\mdf@skipabove@length=\skip53
\mdf@skipbelow@length=\skip54
\mdf@leftmargin@length=\skip55
\mdf@rightmargin@length=\skip56
\mdf@innerleftmargin@length=\skip57
\mdf@innerrightmargin@length=\skip58
\mdf@innertopmargin@length=\skip59
\mdf@innerbottommargin@length=\skip60
\mdf@splittopskip@length=\skip61
\mdf@splitbottomskip@length=\skip62
\mdf@outermargin@length=\skip63
\mdf@innermargin@length=\skip64
\mdf@linewidth@length=\skip65
\mdf@innerlinewidth@length=\skip66
\mdf@middlelinewidth@length=\skip67
\mdf@outerlinewidth@length=\skip68
\mdf@roundcorner@length=\skip69
\mdf@footenotedistance@length=\skip70
\mdf@userdefinedwidth@length=\skip71
\mdf@frametitleaboveskip@length=\skip72
\mdf@frametitlebelowskip@length=\skip73
\mdf@frametitlerulewidth@length=\skip74
\mdf@frametitleleftmargin@length=\skip75
\mdf@frametitlerightmargin@length=\skip76
\mdf@shadowsize@length=\skip77

(c:/Program Files (x86)/XLingPaper/XeLaTeX/texmf-dist/tex/latex/pgf/frontendlay
er/tikz.sty
(c:/Program Files (x86)/XLingPaper/XeLaTeX/texmf-dist/tex/latex/pgf/basiclayer/
pgf.sty
(c:/Program Files (x86)/XLingPaper/XeLaTeX/texmf-dist/tex/latex/pgf/utilities/p
gfrcs.sty
(c:/Program Files (x86)/XLingPaper/XeLaTeX/texmf-dist/tex/generic/pgf/utilities
/pgfutil-common.tex
\pgfutil@everybye=\toks36
)
(c:/Program Files (x86)/XLingPaper/XeLaTeX/texmf-dist/tex/generic/pgf/utilities
/pgfutil-latex.def
\pgfutil@abb=\box27

(c:/Program Files (x86)/XLingPaper/XeLaTeX/texmf-dist/tex/latex/ms/everyshi.sty
Package: everyshi 2001/05/15 v3.00 EveryShipout Package (MS)
))
(c:/Program Files (x86)/XLingPaper/XeLaTeX/texmf-dist/tex/generic/pgf/utilities
/pgfrcs.code.tex
Package: pgfrcs 2010/10/25 v2.10 (rcs-revision 1.24)
))
Package: pgf 2008/01/15 v2.10 (rcs-revision 1.12)

(c:/Program Files (x86)/XLingPaper/XeLaTeX/texmf-dist/tex/latex/pgf/basiclayer/
pgfcore.sty
(c:/Program Files (x86)/XLingPaper/XeLaTeX/texmf-dist/tex/latex/graphics/graphi
cx.sty
Package: graphicx 1999/02/16 v1.0f Enhanced LaTeX Graphics (DPC,SPQR)

(c:/Program Files (x86)/XLingPaper/XeLaTeX/texmf-dist/tex/latex/graphics/graphi
cs.sty
Package: graphics 2009/02/05 v1.0o Standard LaTeX Graphics (DPC,SPQR)

(c:/Program Files (x86)/XLingPaper/XeLaTeX/texmf-dist/tex/latex/graphics/trig.s
ty
Package: trig 1999/03/16 v1.09 sin cos tan (DPC)
)
(c:/Program Files (x86)/XLingPaper/XeLaTeX/texmf-dist/tex/latex/latexconfig/gra
phics.cfg
File: graphics.cfg 2010/04/23 v1.9 graphics configuration of TeX Live
)
Package graphics Info: Driver file: xetex.def on input line 91.
)
\Gin@req@height=\dimen112
\Gin@req@width=\dimen113
)
(c:/Program Files (x86)/XLingPaper/XeLaTeX/texmf-dist/tex/latex/pgf/systemlayer
/pgfsys.sty
(c:/Program Files (x86)/XLingPaper/XeLaTeX/texmf-dist/tex/generic/pgf/systemlay
er/pgfsys.code.tex
Package: pgfsys 2010/06/30 v2.10 (rcs-revision 1.37)

(c:/Program Files (x86)/XLingPaper/XeLaTeX/texmf-dist/tex/generic/pgf/utilities
/pgfkeys.code.tex
\pgfkeys@pathtoks=\toks37
\pgfkeys@temptoks=\toks38

(c:/Program Files (x86)/XLingPaper/XeLaTeX/texmf-dist/tex/generic/pgf/utilities
/pgfkeysfiltered.code.tex
\pgfkeys@tmptoks=\toks39
))
\pgf@x=\dimen114
\pgf@y=\dimen115
\pgf@xa=\dimen116
\pgf@ya=\dimen117
\pgf@xb=\dimen118
\pgf@yb=\dimen119
\pgf@xc=\dimen120
\pgf@yc=\dimen121
\w@pgf@writea=\write3
\r@pgf@reada=\read1
\c@pgf@counta=\count168
\c@pgf@countb=\count169
\c@pgf@countc=\count170
\c@pgf@countd=\count171

(c:/Program Files (x86)/XLingPaper/XeLaTeX/texmf-dist/tex/generic/pgf/systemlay
er/pgf.cfg
File: pgf.cfg 2008/05/14  (rcs-revision 1.7)
)
Package pgfsys Info: Driver file for pgf: pgfsys-xetex.def on input line 900.

(c:/Program Files (x86)/XLingPaper/XeLaTeX/texmf-dist/tex/generic/pgf/systemlay
er/pgfsys-xetex.def
File: pgfsys-xetex.def 2010/02/16  (rcs-revision 1.3)

(c:/Program Files (x86)/XLingPaper/XeLaTeX/texmf-dist/tex/generic/pgf/systemlay
er/pgfsys-common-pdf.def
File: pgfsys-common-pdf.def 2008/05/19  (rcs-revision 1.10)
)
(c:/Program Files (x86)/XLingPaper/XeLaTeX/texmf-dist/tex/generic/pgf/systemlay
er/pgfsys-common-pdf-via-dvi.def
File: pgfsys-common-pdf-via-dvi.def 2008/05/19  (rcs-revision 1.7)
)))
(c:/Program Files (x86)/XLingPaper/XeLaTeX/texmf-dist/tex/generic/pgf/systemlay
er/pgfsyssoftpath.code.tex
File: pgfsyssoftpath.code.tex 2008/07/18  (rcs-revision 1.7)
\pgfsyssoftpath@smallbuffer@items=\count172
\pgfsyssoftpath@bigbuffer@items=\count173
)
(c:/Program Files (x86)/XLingPaper/XeLaTeX/texmf-dist/tex/generic/pgf/systemlay
er/pgfsysprotocol.code.tex
File: pgfsysprotocol.code.tex 2006/10/16  (rcs-revision 1.4)
))
(c:/Program Files (x86)/XLingPaper/XeLaTeX/texmf-dist/tex/latex/xcolor/xcolor.s
ty
Package: xcolor 2007/01/21 v2.11 LaTeX color extensions (UK)

(c:/Program Files (x86)/XLingPaper/XeLaTeX/texmf-dist/tex/latex/latexconfig/col
or.cfg
File: color.cfg 2007/01/18 v1.5 color configuration of teTeX/TeXLive
)
Package xcolor Info: Driver file: xetex.def on input line 225.
LaTeX Info: Redefining \color on input line 702.
Package xcolor Info: Model `cmy' substituted by `cmy0' on input line 1337.
Package xcolor Info: Model `RGB' extended on input line 1353.
Package xcolor Info: Model `HTML' substituted by `rgb' on input line 1355.
Package xcolor Info: Model `Hsb' substituted by `hsb' on input line 1356.
Package xcolor Info: Model `tHsb' substituted by `hsb' on input line 1357.
Package xcolor Info: Model `HSB' substituted by `hsb' on input line 1358.
Package xcolor Info: Model `Gray' substituted by `gray' on input line 1359.
Package xcolor Info: Model `wave' substituted by `hsb' on input line 1360.
)
(c:/Program Files (x86)/XLingPaper/XeLaTeX/texmf-dist/tex/generic/pgf/basiclaye
r/pgfcore.code.tex
Package: pgfcore 2010/04/11 v2.10 (rcs-revision 1.7)

(c:/Program Files (x86)/XLingPaper/XeLaTeX/texmf-dist/tex/generic/pgf/math/pgfm
ath.code.tex
(c:/Program Files (x86)/XLingPaper/XeLaTeX/texmf-dist/tex/generic/pgf/math/pgfm
athcalc.code.tex
(c:/Program Files (x86)/XLingPaper/XeLaTeX/texmf-dist/tex/generic/pgf/math/pgfm
athutil.code.tex)
(c:/Program Files (x86)/XLingPaper/XeLaTeX/texmf-dist/tex/generic/pgf/math/pgfm
athparser.code.tex
\pgfmath@dimen=\dimen122
\pgfmath@count=\count174
\pgfmath@box=\box28
\pgfmath@toks=\toks40
\pgfmath@stack@operand=\toks41
\pgfmath@stack@operation=\toks42
)
(c:/Program Files (x86)/XLingPaper/XeLaTeX/texmf-dist/tex/generic/pgf/math/pgfm
athfunctions.code.tex
(c:/Program Files (x86)/XLingPaper/XeLaTeX/texmf-dist/tex/generic/pgf/math/pgfm
athfunctions.basic.code.tex)
(c:/Program Files (x86)/XLingPaper/XeLaTeX/texmf-dist/tex/generic/pgf/math/pgfm
athfunctions.trigonometric.code.tex)
(c:/Program Files (x86)/XLingPaper/XeLaTeX/texmf-dist/tex/generic/pgf/math/pgfm
athfunctions.random.code.tex)
(c:/Program Files (x86)/XLingPaper/XeLaTeX/texmf-dist/tex/generic/pgf/math/pgfm
athfunctions.comparison.code.tex)
(c:/Program Files (x86)/XLingPaper/XeLaTeX/texmf-dist/tex/generic/pgf/math/pgfm
athfunctions.base.code.tex)
(c:/Program Files (x86)/XLingPaper/XeLaTeX/texmf-dist/tex/generic/pgf/math/pgfm
athfunctions.round.code.tex)
(c:/Program Files (x86)/XLingPaper/XeLaTeX/texmf-dist/tex/generic/pgf/math/pgfm
athfunctions.misc.code.tex)))
(c:/Program Files (x86)/XLingPaper/XeLaTeX/texmf-dist/tex/generic/pgf/math/pgfm
athfloat.code.tex
\c@pgfmathroundto@lastzeros=\count175
))
(c:/Program Files (x86)/XLingPaper/XeLaTeX/texmf-dist/tex/generic/pgf/basiclaye
r/pgfcorepoints.code.tex
File: pgfcorepoints.code.tex 2010/04/09  (rcs-revision 1.20)
\pgf@picminx=\dimen123
\pgf@picmaxx=\dimen124
\pgf@picminy=\dimen125
\pgf@picmaxy=\dimen126
\pgf@pathminx=\dimen127
\pgf@pathmaxx=\dimen128
\pgf@pathminy=\dimen129
\pgf@pathmaxy=\dimen130
\pgf@xx=\dimen131
\pgf@xy=\dimen132
\pgf@yx=\dimen133
\pgf@yy=\dimen134
\pgf@zx=\dimen135
\pgf@zy=\dimen136
)
(c:/Program Files (x86)/XLingPaper/XeLaTeX/texmf-dist/tex/generic/pgf/basiclaye
r/pgfcorepathconstruct.code.tex
File: pgfcorepathconstruct.code.tex 2010/08/03  (rcs-revision 1.24)
\pgf@path@lastx=\dimen137
\pgf@path@lasty=\dimen138
)
(c:/Program Files (x86)/XLingPaper/XeLaTeX/texmf-dist/tex/generic/pgf/basiclaye
r/pgfcorepathusage.code.tex
File: pgfcorepathusage.code.tex 2008/04/22  (rcs-revision 1.12)
\pgf@shorten@end@additional=\dimen139
\pgf@shorten@start@additional=\dimen140
)
(c:/Program Files (x86)/XLingPaper/XeLaTeX/texmf-dist/tex/generic/pgf/basiclaye
r/pgfcorescopes.code.tex
File: pgfcorescopes.code.tex 2010/09/08  (rcs-revision 1.34)
\pgfpic=\box29
\pgf@hbox=\box30
\pgf@layerbox@main=\box31
\pgf@picture@serial@count=\count176
)
(c:/Program Files (x86)/XLingPaper/XeLaTeX/texmf-dist/tex/generic/pgf/basiclaye
r/pgfcoregraphicstate.code.tex
File: pgfcoregraphicstate.code.tex 2008/04/22  (rcs-revision 1.9)
\pgflinewidth=\dimen141
)
(c:/Program Files (x86)/XLingPaper/XeLaTeX/texmf-dist/tex/generic/pgf/basiclaye
r/pgfcoretransformations.code.tex
File: pgfcoretransformations.code.tex 2009/06/10  (rcs-revision 1.11)
\pgf@pt@x=\dimen142
\pgf@pt@y=\dimen143
\pgf@pt@temp=\dimen144
)
(c:/Program Files (x86)/XLingPaper/XeLaTeX/texmf-dist/tex/generic/pgf/basiclaye
r/pgfcorequick.code.tex
File: pgfcorequick.code.tex 2008/10/09  (rcs-revision 1.3)
)
(c:/Program Files (x86)/XLingPaper/XeLaTeX/texmf-dist/tex/generic/pgf/basiclaye
r/pgfcoreobjects.code.tex
File: pgfcoreobjects.code.tex 2006/10/11  (rcs-revision 1.2)
)
(c:/Program Files (x86)/XLingPaper/XeLaTeX/texmf-dist/tex/generic/pgf/basiclaye
r/pgfcorepathprocessing.code.tex
File: pgfcorepathprocessing.code.tex 2008/10/09  (rcs-revision 1.8)
)
(c:/Program Files (x86)/XLingPaper/XeLaTeX/texmf-dist/tex/generic/pgf/basiclaye
r/pgfcorearrows.code.tex
File: pgfcorearrows.code.tex 2008/04/23  (rcs-revision 1.11)
)
(c:/Program Files (x86)/XLingPaper/XeLaTeX/texmf-dist/tex/generic/pgf/basiclaye
r/pgfcoreshade.code.tex
File: pgfcoreshade.code.tex 2008/11/23  (rcs-revision 1.13)
\pgf@max=\dimen145
\pgf@sys@shading@range@num=\count177
)
(c:/Program Files (x86)/XLingPaper/XeLaTeX/texmf-dist/tex/generic/pgf/basiclaye
r/pgfcoreimage.code.tex
File: pgfcoreimage.code.tex 2010/03/25  (rcs-revision 1.16)

(c:/Program Files (x86)/XLingPaper/XeLaTeX/texmf-dist/tex/generic/pgf/basiclaye
r/pgfcoreexternal.code.tex
File: pgfcoreexternal.code.tex 2010/09/01  (rcs-revision 1.17)
\pgfexternal@startupbox=\box32
))
(c:/Program Files (x86)/XLingPaper/XeLaTeX/texmf-dist/tex/generic/pgf/basiclaye
r/pgfcorelayers.code.tex
File: pgfcorelayers.code.tex 2010/08/27  (rcs-revision 1.2)
)
(c:/Program Files (x86)/XLingPaper/XeLaTeX/texmf-dist/tex/generic/pgf/basiclaye
r/pgfcoretransparency.code.tex
File: pgfcoretransparency.code.tex 2008/01/17  (rcs-revision 1.2)
)
(c:/Program Files (x86)/XLingPaper/XeLaTeX/texmf-dist/tex/generic/pgf/basiclaye
r/pgfcorepatterns.code.tex
File: pgfcorepatterns.code.tex 2009/07/02  (rcs-revision 1.3)
)))
(c:/Program Files (x86)/XLingPaper/XeLaTeX/texmf-dist/tex/generic/pgf/modules/p
gfmoduleshapes.code.tex
File: pgfmoduleshapes.code.tex 2010/09/09  (rcs-revision 1.13)
\pgfnodeparttextbox=\box33
)
(c:/Program Files (x86)/XLingPaper/XeLaTeX/texmf-dist/tex/generic/pgf/modules/p
gfmoduleplot.code.tex
File: pgfmoduleplot.code.tex 2010/10/22  (rcs-revision 1.8)
)
(c:/Program Files (x86)/XLingPaper/XeLaTeX/texmf-dist/tex/latex/pgf/compatibili
ty/pgfcomp-version-0-65.sty
Package: pgfcomp-version-0-65 2007/07/03 v2.10 (rcs-revision 1.7)
\pgf@nodesepstart=\dimen146
\pgf@nodesepend=\dimen147
)
(c:/Program Files (x86)/XLingPaper/XeLaTeX/texmf-dist/tex/latex/pgf/compatibili
ty/pgfcomp-version-1-18.sty
Package: pgfcomp-version-1-18 2007/07/23 v2.10 (rcs-revision 1.1)
))
(c:/Program Files (x86)/XLingPaper/XeLaTeX/texmf-dist/tex/latex/pgf/utilities/p
gffor.sty
(c:/Program Files (x86)/XLingPaper/XeLaTeX/texmf-dist/tex/latex/pgf/utilities/p
gfkeys.sty
(c:/Program Files (x86)/XLingPaper/XeLaTeX/texmf-dist/tex/generic/pgf/utilities
/pgfkeys.code.tex))
(c:/Program Files (x86)/XLingPaper/XeLaTeX/texmf-dist/tex/generic/pgf/utilities
/pgffor.code.tex
Package: pgffor 2010/03/23 v2.10 (rcs-revision 1.18)
\pgffor@iter=\dimen148
\pgffor@skip=\dimen149
\pgffor@stack=\toks43
\pgffor@toks=\toks44
))
(c:/Program Files (x86)/XLingPaper/XeLaTeX/texmf-dist/tex/generic/pgf/frontendl
ayer/tikz/tikz.code.tex
Package: tikz 2010/10/13 v2.10 (rcs-revision 1.76)

(c:/Program Files (x86)/XLingPaper/XeLaTeX/texmf-dist/tex/generic/pgf/libraries
/pgflibraryplothandlers.code.tex
File: pgflibraryplothandlers.code.tex 2010/05/31 v2.10 (rcs-revision 1.15)
\pgf@plot@mark@count=\count178
\pgfplotmarksize=\dimen150
)
\tikz@lastx=\dimen151
\tikz@lasty=\dimen152
\tikz@lastxsaved=\dimen153
\tikz@lastysaved=\dimen154
\tikzleveldistance=\dimen155
\tikzsiblingdistance=\dimen156
\tikz@figbox=\box34
\tikz@tempbox=\box35
\tikztreelevel=\count179
\tikznumberofchildren=\count180
\tikznumberofcurrentchild=\count181
\tikz@fig@count=\count182

(c:/Program Files (x86)/XLingPaper/XeLaTeX/texmf-dist/tex/generic/pgf/modules/p
gfmodulematrix.code.tex
File: pgfmodulematrix.code.tex 2010/08/24  (rcs-revision 1.4)
\pgfmatrixcurrentrow=\count183
\pgfmatrixcurrentcolumn=\count184
\pgf@matrix@numberofcolumns=\count185
)
\tikz@expandcount=\count186

(c:/Program Files (x86)/XLingPaper/XeLaTeX/texmf-dist/tex/generic/pgf/frontendl
ayer/tikz/libraries/tikzlibrarytopaths.code.tex
File: tikzlibrarytopaths.code.tex 2008/06/17 v2.10 (rcs-revision 1.2)
)))
\mdf@frametitlebox=\box36
\mdf@footnotebox=\box37
\mdf@splitbox@one=\box38
\mdf@splitbox@two=\box39
\mdfsplitboxwidth=\skip78
\mdfsplitboxtotalwidth=\skip79
\mdfsplitboxheight=\skip80
\mdfsplitboxdepth=\skip81
\mdfsplitboxtotalheight=\skip82
\mdfframetitleboxwidth=\skip83
\mdfframetitleboxtotalwidth=\skip84
\mdfframetitleboxheight=\skip85
\mdfframetitleboxdepth=\skip86
\mdfframetitleboxtotalheight=\skip87
\mdffootnoteboxwidth=\skip88
\mdffootnoteboxtotalwidth=\skip89
\mdffootnoteboxheight=\skip90
\mdffootnoteboxdepth=\skip91
\mdffootnoteboxtotalheight=\skip92
\mdftotallinewidth=\skip93
\mdfboundingboxwidth=\skip94
\mdfboundingboxtotalwidth=\skip95
\mdfboundingboxheight=\skip96
\mdfboundingboxdepth=\skip97
\mdfboundingboxtotalheight=\skip98
\mdf@freevspace@length=\skip99
\mdf@horizontalwidthofbox@length=\skip100
\mdf@verticalmarginwhole@length=\skip101
 LaTeX info: Defining document command \newmdtheoremenv
(LaTeX)  with arg. spec. 'O{} m o m o ' on line 501.

 LaTeX info: Defining document command \mdtheorem
(LaTeX)  with arg. spec. ' O{} m o m o ' on line 581.


(c:/Program Files (x86)/XLingPaper/XeLaTeX/texmf-dist/tex/latex/mdframed/md-fra
me-1.mdf
File: md-frame-1.mdf 2012/04/08  v1.5: md-frame-1
)
\c@mdf@zref@counter=\count187
Package zref Info: New property: mdf@pagevalue on input line 782.
\mdf@horizontalspaceofbox=\skip102
)
(c:/Program Files (x86)/XLingPaper/XeLaTeX/texmf-dist/tex/latex/xltxtra/xltxtra
.sty
Package: xltxtra 2010/09/20 v0.5e Improvements for the "XeLaTeX" format

(c:/Program Files (x86)/XLingPaper/XeLaTeX/texmf-dist/tex/generic/oberdiek/iflu
atex.sty
Package: ifluatex 2010/03/01 v1.3 Provides the ifluatex switch (HO)
Package ifluatex Info: LuaTeX not detected.
)
(c:/Program Files (x86)/XLingPaper/XeLaTeX/texmf-dist/tex/generic/ifxetex/ifxet
ex.sty
Package: ifxetex 2010/09/12 v0.6 Provides ifxetex conditional
)
(c:/Program Files (x86)/XLingPaper/XeLaTeX/texmf-dist/tex/latex/fontspec/fontsp
ec.sty
Package: fontspec 2010/11/07 v2.1d Advanced font selection for XeLaTeX/LuaLaTeX


(c:/Program Files (x86)/XLingPaper/XeLaTeX/texmf-dist/tex/generic/kastrup/binhe
x.tex)
\l_fontspec_script_int=\count188
\l_fontspec_language_int=\count189
\l_fontspec_strnum_int=\count190
Variant \tl_gset:cV already defined; not changing it on line 79

(c:/Program Files (x86)/XLingPaper/XeLaTeX/texmf-dist/tex/latex/xkeyval/xkeyval
.sty
Package: xkeyval 2008/08/13 v2.6a package option processing (HA)

(c:/Program Files (x86)/XLingPaper/XeLaTeX/texmf-dist/tex/generic/xkeyval/xkeyv
al.tex
\XKV@toks=\toks45
\XKV@tempa@toks=\toks46
\XKV@depth=\count191
File: xkeyval.tex 2008/08/13 v2.6a key=value parser (HA)
))
(c:/Program Files (x86)/XLingPaper/XeLaTeX/texmf-dist/tex/latex/fontspec/fontsp
ec-patches.sty
Package: fontspec-patches 2010/11/07 v2.1d Advanced font selection for XeLaTeX/
LuaLaTeX

(c:/Program Files (x86)/XLingPaper/XeLaTeX/texmf-dist/tex/latex/base/fixltx2e.s
ty
Package: fixltx2e 2006/09/13 v1.1m fixes to LaTeX
LaTeX Info: Redefining \em on input line 420.
)
LaTeX Info: Redefining \em on input line 22.
LaTeX Info: Redefining \emph on input line 29.
LaTeX Info: Redefining \- on input line 32.
)
(c:/Program Files (x86)/XLingPaper/XeLaTeX/texmf-dist/tex/latex/base/fontenc.st
y
Package: fontenc 2005/09/27 v1.99g Standard LaTeX package

(c:/Program Files (x86)/XLingPaper/XeLaTeX/texmf-dist/tex/latex/euenc/eu1enc.de
f
File: eu1enc.def 2010/05/27 v0.1h Experimental Unicode font encodings
)
LaTeX Font Info:    Try loading font information for EU1+lmr on input line 100.


(c:/Program Files (x86)/XLingPaper/XeLaTeX/texmf-dist/tex/latex/euenc/eu1lmr.fd
File: eu1lmr.fd 2009/10/30 v1.6 Font defs for Latin Modern
))
(c:/Program Files (x86)/XLingPaper/XeLaTeX/texmf-dist/tex/xelatex/xunicode/xuni
code.sty
File: xunicode.sty 2010/05/18 v0.95 provides access to latin accents and many o
ther characters in Unicode lower plane
)
 LaTeX info: Defining document command \fontspec
(LaTeX)  with arg. spec. 'O{}m' on line 322.

 LaTeX info: Defining document command \setmainfont
(LaTeX)  with arg. spec. 'O{}m' on line 326.

 LaTeX info: Defining document command \setsansfont
(LaTeX)  with arg. spec. 'O{}m' on line 330.

 LaTeX info: Defining document command \setmonofont
(LaTeX)  with arg. spec. 'O{}m' on line 334.

 LaTeX info: Defining document command \setmathrm
(LaTeX)  with arg. spec. 'O{}m' on line 338.

 LaTeX info: Defining document command \setboldmathrm
(LaTeX)  with arg. spec. 'O{}m' on line 341.

 LaTeX info: Defining document command \setmathsf
(LaTeX)  with arg. spec. 'O{}m' on line 344.

 LaTeX info: Defining document command \setmathtt
(LaTeX)  with arg. spec. 'O{}m' on line 347.

 LaTeX info: Defining document command \newfontfamily
(LaTeX)  with arg. spec. 'mO{}m' on line 364.

 LaTeX info: Defining document command \newfontface
(LaTeX)  with arg. spec. 'mO{}m' on line 367.

 LaTeX info: Defining document command \defaultfontfeatures
(LaTeX)  with arg. spec. 'm' on line 370.

 LaTeX info: Defining document command \addfontfeatures
(LaTeX)  with arg. spec. 'm' on line 387.

 LaTeX info: Defining document command \newfontfeature
(LaTeX)  with arg. spec. 'mm' on line 394.

 LaTeX info: Defining document command \newAATfeature
(LaTeX)  with arg. spec. 'mmmm' on line 403.

 LaTeX info: Defining document command \newICUfeature
(LaTeX)  with arg. spec. 'mmm' on line 412.

 LaTeX info: Defining document command \aliasfontfeature
(LaTeX)  with arg. spec. 'mm' on line 414.

 LaTeX info: Defining document command \aliasfontfeatureoption
(LaTeX)  with arg. spec. 'mmm' on line 417.

 LaTeX info: Defining document command \newfontscript
(LaTeX)  with arg. spec. 'mm' on line 422.

 LaTeX info: Defining document command \newfontlanguage
(LaTeX)  with arg. spec. 'mm' on line 444.

 LaTeX info: Defining document command \DeclareFontsExtensions
(LaTeX)  with arg. spec. 'm' on line 461.

\c@fontspec_tmp_int=\count192
LaTeX Info: Redefining \itshape on input line 2071.
LaTeX Info: Redefining \slshape on input line 2075.
LaTeX Info: Redefining \scshape on input line 2079.
LaTeX Info: Redefining \upshape on input line 2083.

(c:/Program Files (x86)/XLingPaper/XeLaTeX/texmf-dist/tex/latex/fontspec/fontsp
ec.cfg))
(c:/Program Files (x86)/XLingPaper/XeLaTeX/texmf-dist/tex/latex/realscripts/rea
lscripts.sty
Package: realscripts 2010/09/30 v0.3 Access OpenType subscripts and superscript
s
 LaTeX info: Defining document command \fakesubscript
(LaTeX)  with arg. spec. 'm' on line 19.

 LaTeX info: Defining document command \fakesuperscript
(LaTeX)  with arg. spec. 'm' on line 22.

 LaTeX info: Redefining document command \textsubscript
(LaTeX)  with arg. spec. 's' on line 25.

 LaTeX info: Redefining document command \textsuperscript
(LaTeX)  with arg. spec. 's' on line 28.

 LaTeX info: Defining document command \realsubscript
(LaTeX)  with arg. spec. 'm' on line 45.

 LaTeX info: Defining document command \realsuperscript
(LaTeX)  with arg. spec. 'm' on line 60.

 LaTeX info: Defining document command \textsubsuperscript
(LaTeX)  with arg. spec. 'sO{l}mm' on line 137.

 LaTeX info: Defining document command \textsupersubscript
(LaTeX)  with arg. spec. 'sO{l}mm' on line 140.

\subsupersep=\dimen157
)
(c:/Program Files (x86)/XLingPaper/XeLaTeX/texmf-dist/tex/latex/metalogo/metalo
go.sty
Package: metalogo 2010/05/29 v0.12 Extended TeX logo macros
\xl@everylogo=\toks47
\xl@@everylogo=\toks48
LaTeX Info: Redefining \TeX on input line 193.
LaTeX Info: Redefining \LaTeX on input line 202.
LaTeX Info: Redefining \LaTeXe on input line 219.
)
\xxt@tempbox=\box40
)
(c:/Program Files (x86)/XLingPaper/XeLaTeX/texmf-dist/tex/latex/setspace/setspa
ce.sty
Package: setspace 2000/12/01 6.7 Contributed and Supported LaTeX2e package

Package: `setspace' 6.7 <2000/12/01>
)
(c:/Program Files (x86)/XLingPaper/XeLaTeX/texmf-dist/tex/generic/ulem/ulem.sty
\UL@box=\box41
\UL@hyphenbox=\box42
\UL@skip=\skip103
\UL@hook=\toks49
\UL@pe=\count193
\UL@pixel=\dimen158
\ULC@box=\box43
Package: ulem 2010/10/03
\ULdepth=\dimen159
)
(c:/Program Files (x86)/XLingPaper/XeLaTeX/texmf-dist/tex/latex/colortbl/colort
bl.sty
Package: colortbl 2001/02/13 v0.1j Color table columns (DPC)

(c:/Program Files (x86)/XLingPaper/XeLaTeX/texmf-dist/tex/latex/tools/array.sty
Package: array 2008/09/09 v2.4c Tabular extension package (FMi)
\col@sep=\dimen160
\extrarowheight=\dimen161
\NC@list=\toks50
\extratabsurround=\skip104
\backup@length=\skip105
)
\everycr=\toks51
\minrowclearance=\skip106
)
(c:/Program Files (x86)/XLingPaper/XeLaTeX/texmf-dist/tex/latex/tools/tabularx.
sty
Package: tabularx 1999/01/07 v2.07 `tabularx' package (DPC)
\TX@col@width=\dimen162
\TX@old@table=\dimen163
\TX@old@col=\dimen164
\TX@target=\dimen165
\TX@delta=\dimen166
\TX@cols=\count194
\TX@ftn=\toks52
)
(c:/Program Files (x86)/XLingPaper/XeLaTeX/texmf-dist/tex/latex/tools/longtable
.sty
Package: longtable 2004/02/01 v4.11 Multi-page Table package (DPC)
\LTleft=\skip107
\LTright=\skip108
\LTpre=\skip109
\LTpost=\skip110
\LTchunksize=\count195
\LTcapwidth=\dimen167
\LT@head=\box44
\LT@firsthead=\box45
\LT@foot=\box46
\LT@lastfoot=\box47
\LT@cols=\count196
\LT@rows=\count197
\c@LT@tables=\count198
\c@LT@chunks=\count199
\LT@p@ftn=\toks53
)
(c:/Program Files (x86)/XLingPaper/XeLaTeX/texmf-dist/tex/latex/multirow/multir
ow.sty
\bigstrutjot=\dimen168
)
(c:/Program Files (x86)/XLingPaper/XeLaTeX/texmf-dist/tex/latex/booktabs/bookta
bs.sty
Package: booktabs 2005/04/14 v1.61803 publication quality tables
\heavyrulewidth=\dimen169
\lightrulewidth=\dimen170
\cmidrulewidth=\dimen171
\belowrulesep=\dimen172
\belowbottomsep=\dimen173
\aboverulesep=\dimen174
\abovetopsep=\dimen175
\cmidrulesep=\dimen176
\cmidrulekern=\dimen177
\defaultaddspace=\dimen178
\@cmidla=\count200
\@cmidlb=\count201
\@aboverulesep=\dimen179
\@belowrulesep=\dimen180
Normal \count register pool exhausted, switching to extended pool.
\@thisruleclass=\count277
\@lastruleclass=\count278
\@thisrulewidth=\dimen181
)
(c:/Program Files (x86)/XLingPaper/XeLaTeX/texmf-dist/tex/latex/fancyhdr/fancyh
dr.sty
\fancy@headwidth=\skip111
\f@ncyO@elh=\skip112
\f@ncyO@erh=\skip113
\f@ncyO@olh=\skip114
\f@ncyO@orh=\skip115
\f@ncyO@elf=\skip116
\f@ncyO@erf=\skip117
\f@ncyO@olf=\skip118
\f@ncyO@orf=\skip119
)
(c:/Program Files (x86)/XLingPaper/XeLaTeX/texmf-dist/tex/latex/hyperref/hyperr
ef.sty
Package: hyperref 2010/10/30 v6.81t Hypertext links for LaTeX

(c:/Program Files (x86)/XLingPaper/XeLaTeX/texmf-dist/tex/generic/oberdiek/pdfe
scape.sty
Package: pdfescape 2010/03/01 v1.9 Provides hex, PDF name and string conversion
s (HO)

(c:/Program Files (x86)/XLingPaper/XeLaTeX/texmf-dist/tex/generic/oberdiek/pdft
excmds.sty
Package: pdftexcmds 2010/04/01 v0.9 Utility functions of pdfTeX for LuaTeX (HO)

Package pdftexcmds Info: LuaTeX not detected.
Package pdftexcmds Info: pdfTeX >= 1.30 not detected.
Package pdftexcmds Info: \pdf@primitive is available.
Package pdftexcmds Info: \pdf@ifprimitive is available.
))
(c:/Program Files (x86)/XLingPaper/XeLaTeX/texmf-dist/tex/generic/oberdiek/ifvt
ex.sty
Package: ifvtex 2010/03/01 v1.5 Switches for detecting VTeX and its modes (HO)
Package ifvtex Info: VTeX not detected.
)
(c:/Program Files (x86)/XLingPaper/XeLaTeX/texmf-dist/tex/latex/oberdiek/hycolo
r.sty
Package: hycolor 2009/12/12 v1.6 Color options of hyperref/bookmark (HO)

(c:/Program Files (x86)/XLingPaper/XeLaTeX/texmf-dist/tex/latex/oberdiek/xcolor
-patch.sty
Package: xcolor-patch 2009/12/12 xcolor patch
))
(c:/Program Files (x86)/XLingPaper/XeLaTeX/texmf-dist/tex/latex/oberdiek/letltx
macro.sty
Package: letltxmacro 2008/06/24 v1.3 Let assignment for LaTeX macros (HO)
)
\@linkdim=\dimen182
\Hy@linkcounter=\count279
\Hy@pagecounter=\count280

(c:/Program Files (x86)/XLingPaper/XeLaTeX/texmf-dist/tex/latex/hyperref/pd1enc
.def
File: pd1enc.def 2010/10/30 v6.81t Hyperref: PDFDocEncoding definition (HO)
)
(c:/Program Files (x86)/XLingPaper/XeLaTeX/texmf-dist/tex/generic/oberdiek/intc
alc.sty
Package: intcalc 2007/09/27 v1.1 Expandable integer calculations (HO)
)
\Hy@SavedSpaceFactor=\count281

(c:/Program Files (x86)/XLingPaper/XeLaTeX/texmf-dist/tex/xelatex/xetexconfig/h
yperref.cfg
File: hyperref.cfg 2008/07/11 v1.2 hyperref configuration for XeLaTeX
)
Package hyperref Info: Hyper figures OFF on input line 3976.
Package hyperref Info: Link nesting OFF on input line 3981.
Package hyperref Info: Hyper index ON on input line 3984.
Package hyperref Info: Plain pages OFF on input line 3991.
Package hyperref Info: Backreferencing OFF on input line 3996.
Package hyperref Info: Implicit mode ON; LaTeX internals redefined.
Package hyperref Info: Bookmarks ON on input line 4211.
\c@Hy@tempcnt=\count282

(c:/Program Files (x86)/XLingPaper/XeLaTeX/texmf-dist/tex/latex/url/url.sty
\Urlmuskip=\muskip10
Package: url 2006/04/12  ver 3.3  Verb mode for urls, etc.
)
LaTeX Info: Redefining \url on input line 4566.

(c:/Program Files (x86)/XLingPaper/XeLaTeX/texmf-dist/tex/generic/oberdiek/bits
et.sty
Package: bitset 2007/09/28 v1.0 Data type bit set (HO)

(c:/Program Files (x86)/XLingPaper/XeLaTeX/texmf-dist/tex/generic/oberdiek/bigi
ntcalc.sty
Package: bigintcalc 2007/11/11 v1.1 Expandable big integer calculations (HO)
))
\Fld@menulength=\count283
\Field@Width=\dimen183
\Fld@charsize=\dimen184
Package hyperref Info: Hyper figures OFF on input line 5626.
Package hyperref Info: Link nesting OFF on input line 5631.
Package hyperref Info: Hyper index ON on input line 5634.
Package hyperref Info: backreferencing OFF on input line 5641.
Package hyperref Info: Link coloring OFF on input line 5646.
Package hyperref Info: Link coloring with OCG OFF on input line 5651.
Package hyperref Info: PDF/A mode OFF on input line 5656.
LaTeX Info: Redefining \ref on input line 5696.
LaTeX Info: Redefining \pageref on input line 5700.
\Hy@abspage=\count284
\c@Item=\count285
)

Package hyperref Message: Driver (autodetected): hxetex.


(c:/Program Files (x86)/XLingPaper/XeLaTeX/texmf-dist/tex/latex/hyperref/hxetex
.def
File: hxetex.def 2010/10/30 v6.81t Hyperref driver for XeTeX

(c:/Program Files (x86)/XLingPaper/XeLaTeX/texmf-dist/tex/latex/hyperref/puenc.
def
File: puenc.def 2010/10/30 v6.81t Hyperref: PDF Unicode definition (HO)
)
(c:/Program Files (x86)/XLingPaper/XeLaTeX/texmf-dist/tex/generic/oberdiek/stri
ngenc.sty
Package: stringenc 2010/03/01 v1.8 Converts strings between encodings (HO)
)
\pdfm@box=\box48
\c@Hy@AnnotLevel=\count286
\HyField@AnnotCount=\count287
\Fld@listcount=\count288
\c@bookmark@seq@number=\count289

(c:/Program Files (x86)/XLingPaper/XeLaTeX/texmf-dist/tex/latex/oberdiek/rerunf
ilecheck.sty
Package: rerunfilecheck 2010/03/16 v1.6 Rerun checks for auxiliary files (HO)
Package rerunfilecheck Info: Feature \pdfmdfivesum is not available
(rerunfilecheck)             (e.g. pdfTeX or LuaTeX with package `pdftexcmds').

(rerunfilecheck)             Therefore file contents cannot be checked efficien
tly
(rerunfilecheck)             and the loading of the package is aborted.
)
\Hy@SectionHShift=\skip120
)
Package hyperref Info: Option `colorlinks' set `true' on input line 29.
Package hyperref Info: Option `bookmarksopen' set `true' on input line 29.

(c:/Program Files (x86)/XLingPaper/XeLaTeX/texmf-dist/tex/generic/oberdiek/se-a
scii-print.def
File: se-ascii-print.def 2010/03/01 v1.8 stringenc: Printable ASCII characters
)
\g_fontspec_family_Times New Roman_int=\count290
 fontspec info: Defining font family 'TimesNewRoman(0)' for font 'Times New Rom
an' with options [].

\g_fontspec_TimesNewRoman(0)_prop=\toks54
 fontspec info: Defining shape 'normal' with NFSS spec.:
(fontspec)  <->"Times New Roman/ICU:script=latn;language=DFLT;"

 fontspec info: Defining shape 'small caps' with NFSS spec.:
(fontspec)  <->"Times New Roman/ICU:script=latn;language=DFLT;+smcp;"

 fontspec info: Defining shape 'bold' with NFSS spec.:
(fontspec)  <->"Times New Roman/B/ICU:script=latn;language=DFLT;"

 fontspec info: Defining shape 'bold small caps' with NFSS spec.:
(fontspec)  <->"Times New Roman/B/ICU:script=latn;language=DFLT;+smcp;"

 fontspec info: Defining shape 'italic' with NFSS spec.:
(fontspec)  <->"Times New Roman/I/ICU:script=latn;language=DFLT;"

 fontspec info: Defining shape 'italic small caps' with NFSS spec.:
(fontspec)  <->"Times New Roman/I/ICU:script=latn;language=DFLT;+smcp;"

 fontspec info: Defining shape 'bold italic' with NFSS spec.:
(fontspec)  <->"Times New Roman/BI/ICU:script=latn;language=DFLT;"

 fontspec info: Defining shape 'bold italic small caps' with NFSS spec.:
(fontspec)  <->"Times New Roman/BI/ICU:script=latn;language=DFLT;+smcp;"

\g_fontspec_family_Charis SIL Small Caps_int=\count291
 fontspec info: Defining font family 'CharisSILSmallCaps(0)' for font 'Charis S
IL Small Caps' with options [].

\g_fontspec_CharisSILSmallCaps(0)_prop=\toks55
 fontspec info: Defining shape 'normal' with NFSS spec.:
(fontspec)  <->"Charis SIL Small Caps/ICU:script=latn;language=DFLT;"

 fontspec info: Defining shape 'small caps' with NFSS spec.:
(fontspec)  <->"Charis SIL Small Caps/ICU:script=latn;language=DFLT;+smcp;"

 fontspec info: Defining shape 'bold' with NFSS spec.:
(fontspec)  <->"Charis SIL Small Caps/B/ICU:script=latn;language=DFLT;"

 fontspec info: Defining shape 'bold small caps' with NFSS spec.:
(fontspec)  <->"Charis SIL Small Caps/B/ICU:script=latn;language=DFLT;+smcp;"

 fontspec info: Defining shape 'italic' with NFSS spec.:
(fontspec)  <->"Charis SIL Small Caps/I/ICU:script=latn;language=DFLT;"

 fontspec info: Defining shape 'italic small caps' with NFSS spec.:
(fontspec)  <->"Charis SIL Small Caps/I/ICU:script=latn;language=DFLT;+smcp;"

 fontspec info: Defining shape 'bold italic' with NFSS spec.:
(fontspec)  <->"Charis SIL Small Caps/BI/ICU:script=latn;language=DFLT;"

 fontspec info: Defining shape 'bold italic small caps' with NFSS spec.:
(fontspec)  <->"Charis SIL Small Caps/BI/ICU:script=latn;language=DFLT;+smcp;"

\g_fontspec_family_Courier New_int=\count292
 fontspec info: Defining font family 'CourierNew(0)' for font 'Courier New' wit
h options [].

\g_fontspec_CourierNew(0)_prop=\toks56
 fontspec info: Defining shape 'normal' with NFSS spec.:
(fontspec)  <->"Courier New/ICU:script=latn;language=DFLT;"

 fontspec info: Defining shape 'bold' with NFSS spec.:
(fontspec)  <->"Courier New/B/ICU:script=latn;language=DFLT;"

 fontspec info: Defining shape 'italic' with NFSS spec.:
(fontspec)  <->"Courier New/I/ICU:script=latn;language=DFLT;"

 fontspec info: Defining shape 'bold italic' with NFSS spec.:
(fontspec)  <->"Courier New/BI/ICU:script=latn;language=DFLT;"

 (./Bloom.aux)
\openout1 = `Bloom.aux'.

LaTeX Font Info:    Checking defaults for OML/cmm/m/it on input line 73.
LaTeX Font Info:    ... okay on input line 73.
LaTeX Font Info:    Checking defaults for T1/cmr/m/n on input line 73.
LaTeX Font Info:    ... okay on input line 73.
LaTeX Font Info:    Checking defaults for OT1/cmr/m/n on input line 73.
LaTeX Font Info:    ... okay on input line 73.
LaTeX Font Info:    Checking defaults for OMS/cmsy/m/n on input line 73.
LaTeX Font Info:    ... okay on input line 73.
LaTeX Font Info:    Checking defaults for OMX/cmex/m/n on input line 73.
LaTeX Font Info:    ... okay on input line 73.
LaTeX Font Info:    Checking defaults for U/cmr/m/n on input line 73.
LaTeX Font Info:    ... okay on input line 73.
LaTeX Font Info:    Checking defaults for EU1/lmr/m/n on input line 73.
LaTeX Font Info:    ... okay on input line 73.
LaTeX Font Info:    Checking defaults for PD1/pdf/m/n on input line 73.
LaTeX Font Info:    ... okay on input line 73.
LaTeX Font Info:    Checking defaults for PU/pdf/m/n on input line 73.
LaTeX Font Info:    ... okay on input line 73.
\AtBeginShipoutBox=\box49
 ABD: EveryShipout initializing macros
 fontspec info: Adjusting the maths setup (use [no-math] to avoid this).

\symlegacymaths=\mathgroup4
LaTeX Font Info:    Overwriting symbol font `legacymaths' in version `bold'
(Font)                  OT1/cmr/m/n --> OT1/cmr/bx/n on input line 73.
LaTeX Font Info:    Redeclaring math accent \acute on input line 73.
LaTeX Font Info:    Redeclaring math accent \grave on input line 73.
LaTeX Font Info:    Redeclaring math accent \ddot on input line 73.
LaTeX Font Info:    Redeclaring math accent \tilde on input line 73.
LaTeX Font Info:    Redeclaring math accent \bar on input line 73.
LaTeX Font Info:    Redeclaring math accent \breve on input line 73.
LaTeX Font Info:    Redeclaring math accent \check on input line 73.
LaTeX Font Info:    Redeclaring math accent \hat on input line 73.
LaTeX Font Info:    Redeclaring math accent \dot on input line 73.
LaTeX Font Info:    Redeclaring math accent \mathring on input line 73.
LaTeX Font Info:    Redeclaring math symbol \colon on input line 73.
LaTeX Font Info:    Redeclaring math symbol \Gamma on input line 73.
LaTeX Font Info:    Redeclaring math symbol \Delta on input line 73.
LaTeX Font Info:    Redeclaring math symbol \Theta on input line 73.
LaTeX Font Info:    Redeclaring math symbol \Lambda on input line 73.
LaTeX Font Info:    Redeclaring math symbol \Xi on input line 73.
LaTeX Font Info:    Redeclaring math symbol \Pi on input line 73.
LaTeX Font Info:    Redeclaring math symbol \Sigma on input line 73.
LaTeX Font Info:    Redeclaring math symbol \Upsilon on input line 73.
LaTeX Font Info:    Redeclaring math symbol \Phi on input line 73.
LaTeX Font Info:    Redeclaring math symbol \Psi on input line 73.
LaTeX Font Info:    Redeclaring math symbol \Omega on input line 73.
LaTeX Font Info:    Redeclaring math symbol \mathdollar on input line 73.
LaTeX Font Info:    Redeclaring symbol font `operators' on input line 73.
LaTeX Font Info:    Encoding `OT1' has changed to `EU1' for symbol font
(Font)              `operators' in the math version `normal' on input line 73.
LaTeX Font Info:    Overwriting symbol font `operators' in version `normal'
(Font)                  OT1/cmr/m/n --> EU1/TimesNewRoman(0)/m/n on input line 
73.
LaTeX Font Info:    Encoding `OT1' has changed to `EU1' for symbol font
(Font)              `operators' in the math version `bold' on input line 73.
LaTeX Font Info:    Overwriting symbol font `operators' in version `bold'
(Font)                  OT1/cmr/bx/n --> EU1/TimesNewRoman(0)/m/n on input line
 73.
LaTeX Font Info:    Overwriting symbol font `operators' in version `normal'
(Font)                  EU1/TimesNewRoman(0)/m/n --> EU1/TimesNewRoman(0)/m/n o
n input line 73.
LaTeX Font Info:    Overwriting math alphabet `\mathrm' in version `normal'
(Font)                  EU1/TimesNewRoman(0)/m/n --> EU1/TimesNewRoman(0)/m/n o
n input line 73.
LaTeX Font Info:    Overwriting math alphabet `\mathit' in version `normal'
(Font)                  OT1/cmr/m/it --> EU1/TimesNewRoman(0)/m/it on input lin
e 73.
LaTeX Font Info:    Overwriting math alphabet `\mathbf' in version `normal'
(Font)                  OT1/cmr/bx/n --> EU1/TimesNewRoman(0)/bx/n on input lin
e 73.
LaTeX Font Info:    Overwriting math alphabet `\mathsf' in version `normal'
(Font)                  OT1/cmss/m/n --> EU1/lmss/m/n on input line 73.
LaTeX Font Info:    Overwriting math alphabet `\mathtt' in version `normal'
(Font)                  OT1/cmtt/m/n --> EU1/lmtt/m/n on input line 73.
LaTeX Font Info:    Overwriting symbol font `operators' in version `bold'
(Font)                  EU1/TimesNewRoman(0)/m/n --> EU1/TimesNewRoman(0)/bx/n 
on input line 73.
LaTeX Font Info:    Overwriting math alphabet `\mathrm' in version `bold'
(Font)                  EU1/TimesNewRoman(0)/m/n --> EU1/TimesNewRoman(0)/bx/n 
on input line 73.
LaTeX Font Info:    Overwriting math alphabet `\mathit' in version `bold'
(Font)                  OT1/cmr/bx/it --> EU1/TimesNewRoman(0)/bx/it on input l
ine 73.
LaTeX Font Info:    Overwriting math alphabet `\mathsf' in version `bold'
(Font)                  OT1/cmss/bx/n --> EU1/lmss/bx/n on input line 73.
LaTeX Font Info:    Overwriting math alphabet `\mathtt' in version `bold'
(Font)                  OT1/cmtt/m/n --> EU1/lmtt/bx/n on input line 73.
Package hyperref Info: Link coloring ON on input line 73.

(c:/Program Files (x86)/XLingPaper/XeLaTeX/texmf-dist/tex/latex/hyperref/namere
f.sty
Package: nameref 2010/04/30 v2.40 Cross-referencing by name of section

(c:/Program Files (x86)/XLingPaper/XeLaTeX/texmf-dist/tex/latex/oberdiek/refcou
nt.sty
Package: refcount 2008/08/11 v3.1 Data extraction from references (HO)
)
(c:/Program Files (x86)/XLingPaper/XeLaTeX/texmf-dist/tex/generic/oberdiek/gett
itlestring.sty
Package: gettitlestring 2009/12/18 v1.3 Cleanup title references (HO)
)
\c@section@level=\count293
)
LaTeX Info: Redefining \ref on input line 73.
LaTeX Info: Redefining \pageref on input line 73.
LaTeX Info: Redefining \nameref on input line 73.
 (./Bloom.out) (./Bloom.out)
\@outlinefile=\write4
\openout4 = `Bloom.out'.

\leveloneindent=\skip121
\levelonewidth=\skip122
\leveltwoindent=\skip123
\leveltwowidth=\skip124
\levelthreeindent=\skip125
\levelthreewidth=\skip126
\levelfourindent=\skip127
\levelfourwidth=\skip128
\levelfiveindent=\skip129
\levelfivewidth=\skip130
\levelsixindent=\skip131
\levelsixwidth=\skip132
\XLingPapertempdim=\dimen185
\XLingPapertempdimletter=\dimen186
\XLingPaperpnumwidth=\skip133
\XLingPapertocrmarg=\skip134
\XLingPaperinterlinearsourcewidth=\skip135
\XLingPaperinterlinearsourcegapwidth=\skip136
\XLingPapertempbox=\box50
\XLingPapertemplen=\skip137
\XLingPaperavailabletablewidth=\skip138
\XLingPapertableminwidth=\skip139
\XLingPapertablemaxwidth=\skip140
\XLingPapertablewidthminustableminwidth=\skip141
\XLingPapertablemaxwidthminusminwidth=\skip142
\XLingPapertablewidthratio=\skip143
\XLingPapermincola=\skip144
\XLingPapermaxcola=\skip145
\XLingPapercolawidth=\skip146
\XLingPapermincolb=\skip147
\XLingPapermaxcolb=\skip148
\XLingPapercolbwidth=\skip149
\XLingPapermincolc=\skip150
\XLingPapermaxcolc=\skip151
\XLingPapercolcwidth=\skip152
\XLingPapermincold=\skip153
\XLingPapermaxcold=\skip154
\XLingPapercoldwidth=\skip155
\XLingPapermincole=\skip156
\XLingPapermaxcole=\skip157
\XLingPapercolewidth=\skip158
\XLingPapermincolf=\skip159
\XLingPapermaxcolf=\skip160
\XLingPapercolfwidth=\skip161
\XLingPapermincolg=\skip162
\XLingPapermaxcolg=\skip163
\XLingPapercolgwidth=\skip164
\XLingPapermincolh=\skip165
\XLingPapermaxcolh=\skip166
\XLingPapercolhwidth=\skip167
\XLingPapermincoli=\skip168
\XLingPapermaxcoli=\skip169
\XLingPapercoliwidth=\skip170
\XLingPapermincolj=\skip171
\XLingPapermaxcolj=\skip172
\XLingPapercoljwidth=\skip173
\XLingPapermincolk=\skip174
\XLingPapermaxcolk=\skip175
\XLingPapercolkwidth=\skip176
\XLingPapermincoll=\skip177
\XLingPapermaxcoll=\skip178
\XLingPapercollwidth=\skip179
\XLingPapermincolm=\skip180
\XLingPapermaxcolm=\skip181
\XLingPapercolmwidth=\skip182
\XLingPapermincoln=\skip183
\XLingPapermaxcoln=\skip184
\XLingPapercolnwidth=\skip185
\XLingPapermincolo=\skip186
\XLingPapermaxcolo=\skip187
\XLingPapercolowidth=\skip188
\XLingPapermincolp=\skip189
\XLingPapermaxcolp=\skip190
\XLingPapercolpwidth=\skip191
\XLingPapermincolq=\skip192
\XLingPapermaxcolq=\skip193
\XLingPapercolqwidth=\skip194
\XLingPapermincolr=\skip195
\XLingPapermaxcolr=\skip196
\XLingPapercolrwidth=\skip197
\XLingPapermincols=\skip198
\XLingPapermaxcols=\skip199
\XLingPapercolswidth=\skip200
\XLingPapermincolt=\skip201
Normal \skip register pool exhausted, switching to extended pool.
\XLingPapermaxcolt=\skip256
\XLingPapercoltwidth=\skip257
\XLingPapermincolu=\skip258
\XLingPapermaxcolu=\skip259
\XLingPapercoluwidth=\skip260
\XLingPapermincolv=\skip261
\XLingPapermaxcolv=\skip262
\XLingPapercolvwidth=\skip263
\XLingPapermincolw=\skip264
\XLingPapermaxcolw=\skip265
\XLingPapercolwwidth=\skip266
\XLingPapermincolx=\skip267
\XLingPapermaxcolx=\skip268
\XLingPapercolxwidth=\skip269
\XLingPapermincoly=\skip270
\XLingPapermaxcoly=\skip271
\XLingPapercolywidth=\skip272
\XLingPapermincolz=\skip273
\XLingPapermaxcolz=\skip274
\XLingPapercolzwidth=\skip275
\XLingPaperlistinexampleindent=\skip276
\XLingPaperisocodewidth=\skip277
\XLingPaperlistitemindent=\skip278
\XLingPaperbulletlistitemwidth=\skip279
\XLingPapersingledigitlistitemwidth=\skip280
\XLingPaperdoubledigitlistitemwidth=\skip281
\XLingPapertripledigitlistitemwidth=\skip282
\XLingPapersingleletterlistitemwidth=\skip283
\XLingPaperdoubleletterlistitemwidth=\skip284
\XLingPapertripleletterlistitemwidth=\skip285
\XLingPaperromanviilistitemwidth=\skip286
\XLingPaperromanviiilistitemwidth=\skip287
\XLingPaperromanxviiilistitemwidth=\skip288
\XLingPaperspacewidth=\skip289
\XLingPaperexamplefreeindent=\skip290
\XLingPaperinterwordskip=\skip291
\openout8 = `Bloom.toc'.

\XLingPaperspaceneeded=\dimen187
\XLingPaperspaceavailable=\dimen188
\XLingPaperspaceneeded=\dimen189
\XLingPaperspaceavailable=\dimen190
 [1


]
\XLingPaperspaceneeded=\dimen191
\XLingPaperspaceavailable=\dimen192
\XLingPaperspaceneeded=\dimen193
\XLingPaperspaceavailable=\dimen194
\XLingPaperspaceneeded=\dimen195
\XLingPaperspaceavailable=\dimen196
\XLingPaperspaceneeded=\dimen197
\XLingPaperspaceavailable=\dimen198
\XLingPaperspaceneeded=\dimen199
\XLingPaperspaceavailable=\dimen200
 [2

]
\XLingPaperspaceneeded=\dimen201
Normal \dimen register pool exhausted, switching to extended pool.
\XLingPaperspaceavailable=\dimen256
\XLingPapertempdim=\dimen257
LaTeX Font Info:    External font `cmex10' loaded for size
(Font)              <10.95> on input line 308.
LaTeX Font Info:    External font `cmex10' loaded for size
(Font)              <8> on input line 308.
LaTeX Font Info:    External font `cmex10' loaded for size
(Font)              <6> on input line 308.
\XLingPapertempdim=\dimen258
\XLingPapertempdim=\dimen259
\XLingPapertempdim=\dimen260
\XLingPapertempdim=\dimen261
\XLingPapertempdim=\dimen262
\XLingPapertempdim=\dimen263
\XLingPapertempdim=\dimen264
\XLingPapertempdim=\dimen265
\XLingPapertempdim=\dimen266
\XLingPapertempdim=\dimen267
\XLingPapertempdim=\dimen268
\XLingPapertempdim=\dimen269
\XLingPapertempdim=\dimen270
\XLingPapertempdim=\dimen271
\XLingPapertempdim=\dimen272
\XLingPapertempdim=\dimen273
\XLingPapertempdim=\dimen274
\XLingPapertempdim=\dimen275
\XLingPapertempdim=\dimen276
\XLingPapertempdim=\dimen277
\XLingPapertempdim=\dimen278
\XLingPapertempdim=\dimen279
\XLingPapertempdim=\dimen280
\XLingPapertempdim=\dimen281
\XLingPapertempdim=\dimen282
\XLingPapertempdim=\dimen283
\XLingPapertempdim=\dimen284
\XLingPapertempdim=\dimen285
\XLingPapertempdim=\dimen286
\XLingPapertempdim=\dimen287
\XLingPapertempdim=\dimen288
\XLingPapertempdim=\dimen289
\XLingPapertempdim=\dimen290
\XLingPapertempdim=\dimen291
\XLingPapertempdim=\dimen292
\XLingPapertempdim=\dimen293
\XLingPapertempdim=\dimen294
 [3

]
\XLingPapertempdim=\dimen295
\XLingPapertempdim=\dimen296
\XLingPapertempdim=\dimen297
\XLingPapertempdim=\dimen298
\XLingPapertempdim=\dimen299
\XLingPapertempdim=\dimen300
\XLingPapertempdim=\dimen301
\XLingPapertempdim=\dimen302
\XLingPapertempdim=\dimen303
\XLingPapertempdim=\dimen304
\XLingPapertempdim=\dimen305
\XLingPapertempdim=\dimen306
\XLingPapertempdim=\dimen307
\XLingPapertempdim=\dimen308
\XLingPapertempdim=\dimen309
\XLingPapertempdim=\dimen310
\XLingPapertempdim=\dimen311
\XLingPapertempdim=\dimen312
\XLingPapertempdim=\dimen313
\XLingPapertempdim=\dimen314
\XLingPapertempdim=\dimen315
\XLingPapertempdim=\dimen316
\XLingPapertempdim=\dimen317
\XLingPapertempdim=\dimen318
\XLingPapertempdim=\dimen319
\XLingPapertempdim=\dimen320
\XLingPapertempdim=\dimen321
\XLingPapertempdim=\dimen322
\XLingPapertempdim=\dimen323
\XLingPapertempdim=\dimen324
\XLingPapertempdim=\dimen325
\XLingPapertempdim=\dimen326
\XLingPapertempdim=\dimen327
\XLingPapertempdim=\dimen328
\XLingPapertempdim=\dimen329
\XLingPapertempdim=\dimen330


Package Fancyhdr Warning: \headheight is too small (13.5pt): 
 Make it at least 13.59999pt.
 We now make it that large for the rest of the document.
 This may cause the page layout to be inconsistent, however.

[4]
\XLingPapertempdim=\dimen331
\XLingPapertempdim=\dimen332
\XLingPapertempdim=\dimen333
\XLingPapertempdim=\dimen334
\XLingPapertempdim=\dimen335


Package Fancyhdr Warning: \headheight is too small (13.5pt): 
 Make it at least 13.59999pt.
 We now make it that large for the rest of the document.
 This may cause the page layout to be inconsistent, however.

[5]
\XLingPaperspaceneeded=\dimen336
\XLingPaperspaceavailable=\dimen337
\XLingPaperspaceneeded=\dimen338
\XLingPaperspaceavailable=\dimen339
\XLingPaperspaceneeded=\dimen340
\XLingPaperspaceavailable=\dimen341
\XLingPaperspaceneeded=\dimen342
\XLingPaperspaceavailable=\dimen343
\XLingPaperspaceneeded=\dimen344
\XLingPaperspaceavailable=\dimen345
\XLingPaperspaceneeded=\dimen346
\XLingPaperspaceavailable=\dimen347
\XLingPaperspaceneeded=\dimen348
\XLingPaperspaceavailable=\dimen349
\XLingPaperspaceneeded=\dimen350
\XLingPaperspaceavailable=\dimen351
\XLingPapertempdim=\dimen352
\XLingPapertempdim=\dimen353
\XLingPapertempdim=\dimen354
\XLingPapertempdim=\dimen355
\XLingPapertempdim=\dimen356
\XLingPapertempdim=\dimen357
 [1

]
\XLingPaperspaceneeded=\dimen358
\XLingPaperspaceavailable=\dimen359
\XLingPaperspaceneeded=\dimen360
\XLingPaperspaceavailable=\dimen361
\XLingPapertempdim=\dimen362
\XLingPapertempdim=\dimen363
\XLingPapertempdim=\dimen364
\XLingPaperspaceneeded=\dimen365
\XLingPaperspaceavailable=\dimen366
 [2

]
\XLingPaperspaceneeded=\dimen367
\XLingPaperspaceavailable=\dimen368
\XLingPaperspaceneeded=\dimen369
\XLingPaperspaceavailable=\dimen370
\XLingPapertempdim=\dimen371
\XLingPapertempdim=\dimen372

Underfull \hbox (badness 10000) in paragraph at lines 464--464
 
 []

\XLingPapertempdim=\dimen373
Package mdframed Info: mdframed works in twoside mode on input line 471.
\XLingPaperspaceneeded=\dimen374
\XLingPaperspaceavailable=\dimen375

Package Fancyhdr Warning: \headheight is too small (13.5pt): 
 Make it at least 13.59999pt.
 We now make it that large for the rest of the document.
 This may cause the page layout to be inconsistent, however.

[3]
\XLingPaperspaceneeded=\dimen376
\XLingPaperspaceavailable=\dimen377
\XLingPaperspaceneeded=\dimen378
\XLingPaperspaceavailable=\dimen379


Package hyperref Warning: Glyph not defined in PU encoding,
(hyperref)                removing `\textsquarebracketleft' on input line 477.


Package hyperref Warning: Glyph not defined in PU encoding,
(hyperref)                removing `\textsquarebracketright' on input line 477.


\XLingPaperspaceneeded=\dimen380
\XLingPaperspaceavailable=\dimen381
\XLingPaperspaceneeded=\dimen382
\XLingPaperspaceavailable=\dimen383
\XLingPaperspaceneeded=\dimen384
\XLingPaperspaceavailable=\dimen385
\XLingPapertempdim=\dimen386

Underfull \hbox (badness 10000) in paragraph at lines 488--488
 
 []

\XLingPapertempdim=\dimen387

Underfull \hbox (badness 10000) in paragraph at lines 491--491
 
 []

Package mdframed Info: mdframed works in twoside mode on input line 495.

Package Fancyhdr Warning: \headheight is too small (13.5pt): 
 Make it at least 13.59999pt.
 We now make it that large for the rest of the document.
 This may cause the page layout to be inconsistent, however.

[4]
Package mdframed Info: Not enough space on this page on input line 495.
\XLingPaperspaceneeded=\dimen388
\XLingPaperspaceavailable=\dimen389
\XLingPaperspaceneeded=\dimen390
\XLingPaperspaceavailable=\dimen391
\XLingPaperspaceneeded=\dimen392
\XLingPaperspaceavailable=\dimen393


Package hyperref Warning: Glyph not defined in PU encoding,
(hyperref)                removing `\textsquarebracketleft' on input line 501.


Package hyperref Warning: Glyph not defined in PU encoding,
(hyperref)                removing `\textsquarebracketright' on input line 501.


\XLingPaperspaceneeded=\dimen394
\XLingPaperspaceavailable=\dimen395
\XLingPaperspaceneeded=\dimen396
\XLingPaperspaceavailable=\dimen397
\XLingPaperspaceneeded=\dimen398
\XLingPaperspaceavailable=\dimen399
\XLingPapertempdim=\dimen400
\XLingPapertempdim=\dimen401
\XLingPapertempdim=\dimen402
\XLingPapertempdim=\dimen403
\XLingPapertempdim=\dimen404
\XLingPapertempdim=\dimen405

Underfull \hbox (badness 10000) in paragraph at lines 529--529
 
 []

\XLingPapertempdim=\dimen406
\XLingPapertempdim=\dimen407

Package Fancyhdr Warning: \headheight is too small (13.5pt): 
 Make it at least 13.59999pt.
 We now make it that large for the rest of the document.
 This may cause the page layout to be inconsistent, however.

[5]
\XLingPapertempdim=\dimen408
\XLingPapertempdim=\dimen409
Package mdframed Info: mdframed works in twoside mode on input line 545.


Package Fancyhdr Warning: \headheight is too small (13.5pt): 
 Make it at least 13.59999pt.
 We now make it that large for the rest of the document.
 This may cause the page layout to be inconsistent, however.

[6]
\XLingPaperspaceneeded=\dimen410
\XLingPaperspaceavailable=\dimen411
\XLingPaperspaceneeded=\dimen412
\XLingPaperspaceavailable=\dimen413
\XLingPaperspaceneeded=\dimen414
\XLingPaperspaceavailable=\dimen415
\XLingPapertempdim=\dimen416
\XLingPapertempdim=\dimen417
\XLingPapertempdim=\dimen418
\XLingPapertempdim=\dimen419
\XLingPaperspaceneeded=\dimen420
\XLingPaperspaceavailable=\dimen421


Package Fancyhdr Warning: \headheight is too small (13.5pt): 
 Make it at least 13.59999pt.
 We now make it that large for the rest of the document.
 This may cause the page layout to be inconsistent, however.

[7]
\XLingPaperspaceneeded=\dimen422
\XLingPaperspaceavailable=\dimen423
\XLingPaperspaceneeded=\dimen424
\XLingPaperspaceavailable=\dimen425
\XLingPapertempdim=\dimen426
\XLingPapertempdim=\dimen427

Underfull \hbox (badness 10000) in paragraph at lines 580--580
 
 []

\XLingPapertempdim=\dimen428

Underfull \hbox (badness 10000) in paragraph at lines 583--583
 
 []

\XLingPapertempdim=\dimen429
\XLingPapertempdim=\dimen430
Package mdframed Info: mdframed works in twoside mode on input line 593.
\XLingPaperspaceneeded=\dimen431
\XLingPaperspaceavailable=\dimen432

Package Fancyhdr Warning: \headheight is too small (13.5pt): 
 Make it at least 13.59999pt.
 We now make it that large for the rest of the document.
 This may cause the page layout to be inconsistent, however.

[8]
\XLingPaperspaceneeded=\dimen433
\XLingPaperspaceavailable=\dimen434
\XLingPaperspaceneeded=\dimen435
\XLingPaperspaceavailable=\dimen436
\XLingPapertempdim=\dimen437
\XLingPapertempdim=\dimen438
Package mdframed Info: mdframed works in twoside mode on input line 611.
\XLingPaperspaceneeded=\dimen439
\XLingPaperspaceavailable=\dimen440
\XLingPaperspaceneeded=\dimen441
\XLingPaperspaceavailable=\dimen442
\XLingPaperspaceneeded=\dimen443
\XLingPaperspaceavailable=\dimen444
\XLingPapertempdim=\dimen445
\XLingPapertempdim=\dimen446

Underfull \hbox (badness 10000) in paragraph at lines 625--625
 
 []

\XLingPapertempdim=\dimen447

Underfull \hbox (badness 10000) in paragraph at lines 628--628
 
 []

\XLingPapertempdim=\dimen448

Package Fancyhdr Warning: \headheight is too small (13.5pt): 
 Make it at least 13.59999pt.
 We now make it that large for the rest of the document.
 This may cause the page layout to be inconsistent, however.

[9]
\XLingPaperspaceneeded=\dimen449
\XLingPaperspaceavailable=\dimen450
\XLingPaperspaceneeded=\dimen451
\XLingPaperspaceavailable=\dimen452
\XLingPaperspaceneeded=\dimen453
\XLingPaperspaceavailable=\dimen454


Package hyperref Warning: Glyph not defined in PU encoding,
(hyperref)                removing `\textsquarebracketleft' on input line 638.


Package hyperref Warning: Glyph not defined in PU encoding,
(hyperref)                removing `\textsquarebracketright' on input line 638.


\XLingPaperspaceneeded=\dimen455
\XLingPaperspaceavailable=\dimen456
\XLingPaperspaceneeded=\dimen457
\XLingPaperspaceavailable=\dimen458
\XLingPaperspaceneeded=\dimen459
\XLingPaperspaceavailable=\dimen460
\XLingPapertempdim=\dimen461
\XLingPapertempdim=\dimen462
\XLingPapertempdim=\dimen463
\XLingPapertempdim=\dimen464

Package Fancyhdr Warning: \headheight is too small (13.5pt): 
 Make it at least 13.59999pt.
 We now make it that large for the rest of the document.
 This may cause the page layout to be inconsistent, however.

[10]
\XLingPaperspaceneeded=\dimen465
\XLingPaperspaceavailable=\dimen466


Package Fancyhdr Warning: \headheight is too small (13.5pt): 
 Make it at least 13.59999pt.
 We now make it that large for the rest of the document.
 This may cause the page layout to be inconsistent, however.

[11]
\XLingPaperspaceneeded=\dimen467
\XLingPaperspaceavailable=\dimen468
\XLingPaperspaceneeded=\dimen469
\XLingPaperspaceavailable=\dimen470
\XLingPapertempdim=\dimen471
\XLingPapertempdim=\dimen472
\XLingPaperspaceneeded=\dimen473
\XLingPaperspaceavailable=\dimen474
\XLingPaperspaceneeded=\dimen475
\XLingPaperspaceavailable=\dimen476
\XLingPaperspaceneeded=\dimen477
\XLingPaperspaceavailable=\dimen478
\XLingPapertempdim=\dimen479
\XLingPapertempdim=\dimen480
\XLingPapertempdim=\dimen481
\XLingPapertempdim=\dimen482
\XLingPapertempdim=\dimen483
\XLingPaperspaceneeded=\dimen484
\XLingPaperspaceavailable=\dimen485
\XLingPaperspaceneeded=\dimen486
\XLingPaperspaceavailable=\dimen487
\XLingPaperspaceneeded=\dimen488
\XLingPaperspaceavailable=\dimen489
\XLingPapertempdim=\dimen490
\XLingPapertempdim=\dimen491
\XLingPapertempdim=\dimen492
\XLingPapertempdim=\dimen493
\XLingPapertempdim=\dimen494
\XLingPaperspaceneeded=\dimen495
\XLingPaperspaceavailable=\dimen496


Package Fancyhdr Warning: \headheight is too small (13.5pt): 
 Make it at least 13.59999pt.
 We now make it that large for the rest of the document.
 This may cause the page layout to be inconsistent, however.

[12]
\XLingPaperspaceneeded=\dimen497
\XLingPaperspaceavailable=\dimen498
\XLingPaperspaceneeded=\dimen499
\XLingPaperspaceavailable=\dimen500
Package mdframed Info: mdframed works in twoside mode on input line 731.
\XLingPapertempdim=\dimen501
\XLingPapertempdim=\dimen502
\XLingPapertempdim=\dimen503
\XLingPapertempdim=\dimen504
\XLingPapertempdim=\dimen505


Package Fancyhdr Warning: \headheight is too small (13.5pt): 
 Make it at least 13.59999pt.
 We now make it that large for the rest of the document.
 This may cause the page layout to be inconsistent, however.

[13]

Package Fancyhdr Warning: \headheight is too small (13.5pt): 
 Make it at least 13.59999pt.
 We now make it that large for the rest of the document.
 This may cause the page layout to be inconsistent, however.

[14]
\XLingPaperspaceneeded=\dimen506
\XLingPaperspaceavailable=\dimen507
\XLingPaperspaceneeded=\dimen508
\XLingPaperspaceavailable=\dimen509
\XLingPaperspaceneeded=\dimen510
\XLingPaperspaceavailable=\dimen511
\XLingPaperspaceneeded=\dimen512
\XLingPaperspaceavailable=\dimen513
\XLingPaperspaceneeded=\dimen514
\XLingPaperspaceavailable=\dimen515
\XLingPaperspaceneeded=\dimen516
\XLingPaperspaceavailable=\dimen517
\XLingPaperspaceneeded=\dimen518
\XLingPaperspaceavailable=\dimen519
\XLingPaperspaceneeded=\dimen520
\XLingPaperspaceavailable=\dimen521
\XLingPapertempdim=\dimen522
\XLingPapertempdim=\dimen523

Overfull \hbox (15.43987pt too wide) in paragraph at lines 779--779
 \EU1/TimesNewRoman(0)/m/it/10.95 La bote de dialogue Crer une nouvelle col
lection Bloom) saffiche. 
 []

\XLingPapertempdim=\dimen524
\XLingPapertempdim=\dimen525
\XLingPapertempdim=\dimen526
\XLingPapertempdim=\dimen527
\XLingPapertempdim=\dimen528
\XLingPapertempdim=\dimen529
[15

]
\XLingPapertempdim=\dimen530
Package mdframed Info: mdframed works in twoside mode on input line 804.

Underfull \hbox (badness 1205) in paragraph at lines 804--804
\MainFont collection et le numro de version de Bloom
 []

\XLingPaperspaceneeded=\dimen531
\XLingPaperspaceavailable=\dimen532
\XLingPaperspaceneeded=\dimen533
\XLingPaperspaceavailable=\dimen534
\XLingPaperspaceneeded=\dimen535
\XLingPaperspaceavailable=\dimen536
\XLingPapertempdim=\dimen537
\XLingPapertempdim=\dimen538

Underfull \hbox (badness 10000) in paragraph at lines 818--818
 
 []

\XLingPapertempdim=\dimen539
\XLingPapertempdim=\dimen540
\XLingPapertempdim=\dimen541
\XLingPapertempdim=\dimen542
\XLingPapertempdim=\dimen543

Package Fancyhdr Warning: \headheight is too small (13.5pt): 
 Make it at least 13.59999pt.
 We now make it that large for the rest of the document.
 This may cause the page layout to be inconsistent, however.

[16]
\XLingPapertempdim=\dimen544

Overfull \hbox (22.71793pt too wide) in paragraph at lines 841--841
 [][] [][]\MainFont Double-cliquez sur le fichier avec le nom du projet.bloomCo
llection 
 []

\XLingPaperspaceneeded=\dimen545
\XLingPaperspaceavailable=\dimen546
\XLingPaperspaceneeded=\dimen547
\XLingPaperspaceavailable=\dimen548
\XLingPaperspaceneeded=\dimen549
\XLingPaperspaceavailable=\dimen550
\XLingPaperspaceneeded=\dimen551
\XLingPaperspaceavailable=\dimen552
\XLingPaperspaceneeded=\dimen553
\XLingPaperspaceavailable=\dimen554
\XLingPaperspaceneeded=\dimen555
\XLingPaperspaceavailable=\dimen556
\XLingPapertempdim=\dimen557
\XLingPaperspaceneeded=\dimen558
\XLingPaperspaceavailable=\dimen559
\XLingPaperspaceneeded=\dimen560
\XLingPaperspaceavailable=\dimen561
\XLingPaperspaceneeded=\dimen562
\XLingPaperspaceavailable=\dimen563
\XLingPapertempdim=\dimen564
\XLingPapertempdim=\dimen565
\XLingPapertempdim=\dimen566

Underfull \hbox (badness 10000) in paragraph at lines 877--877
 
 []

\XLingPaperspaceneeded=\dimen567
\XLingPaperspaceavailable=\dimen568

Package Fancyhdr Warning: \headheight is too small (13.5pt): 
 Make it at least 13.59999pt.
 We now make it that large for the rest of the document.
 This may cause the page layout to be inconsistent, however.

[17]
\XLingPaperspaceneeded=\dimen569
\XLingPaperspaceavailable=\dimen570
\XLingPaperspaceneeded=\dimen571
\XLingPaperspaceavailable=\dimen572
\XLingPaperspaceneeded=\dimen573
\XLingPaperspaceavailable=\dimen574
\XLingPaperspaceneeded=\dimen575
\XLingPaperspaceavailable=\dimen576
\XLingPaperspaceneeded=\dimen577
\XLingPaperspaceavailable=\dimen578
\XLingPapertempdim=\dimen579
\XLingPapertempdim=\dimen580
\XLingPapertempdim=\dimen581

Underfull \hbox (badness 10000) in paragraph at lines 901--901
 
 []

\XLingPapertempdim=\dimen582
\XLingPapertempdim=\dimen583
\XLingPapertempdim=\dimen584
\XLingPapertempdim=\dimen585

Underfull \hbox (badness 10000) in paragraph at lines 913--913
 
 []

\XLingPaperspaceneeded=\dimen586
\XLingPaperspaceavailable=\dimen587

Package Fancyhdr Warning: \headheight is too small (13.5pt): 
 Make it at least 13.59999pt.
 We now make it that large for the rest of the document.
 This may cause the page layout to be inconsistent, however.

[18]
\XLingPaperspaceneeded=\dimen588
\XLingPaperspaceavailable=\dimen589
\XLingPaperspaceneeded=\dimen590
\XLingPaperspaceavailable=\dimen591
\XLingPaperspaceneeded=\dimen592
\XLingPaperspaceavailable=\dimen593
\XLingPaperspaceneeded=\dimen594
\XLingPaperspaceavailable=\dimen595
\XLingPaperspaceneeded=\dimen596
\XLingPaperspaceavailable=\dimen597
\XLingPapertempdim=\dimen598

Underfull \hbox (badness 10000) in paragraph at lines 931--931
 
 []

\XLingPapertempdim=\dimen599
\XLingPapertempdim=\dimen600
\XLingPapertempdim=\dimen601
\XLingPapertempdim=\dimen602
\XLingPaperspaceneeded=\dimen603
\XLingPaperspaceavailable=\dimen604
\XLingPaperspaceneeded=\dimen605
\XLingPaperspaceavailable=\dimen606
\XLingPaperspaceneeded=\dimen607
\XLingPaperspaceavailable=\dimen608
\XLingPapertempdim=\dimen609
\XLingPapertempdim=\dimen610
\XLingPaperspaceneeded=\dimen611
\XLingPaperspaceavailable=\dimen612

Package Fancyhdr Warning: \headheight is too small (13.5pt): 
 Make it at least 13.59999pt.
 We now make it that large for the rest of the document.
 This may cause the page layout to be inconsistent, however.

[19]
\XLingPaperspaceneeded=\dimen613
\XLingPaperspaceavailable=\dimen614
\XLingPaperspaceneeded=\dimen615
\XLingPaperspaceavailable=\dimen616
\XLingPapertempdim=\dimen617
\XLingPapertempdim=\dimen618
\XLingPapertempdim=\dimen619
\XLingPapertempdim=\dimen620
\XLingPapertempdim=\dimen621


Package Fancyhdr Warning: \headheight is too small (13.5pt): 
 Make it at least 13.59999pt.
 We now make it that large for the rest of the document.
 This may cause the page layout to be inconsistent, however.

[20]
\XLingPaperspaceneeded=\dimen622
\XLingPaperspaceavailable=\dimen623
\XLingPaperspaceneeded=\dimen624
\XLingPaperspaceavailable=\dimen625
\XLingPapertempdim=\dimen626
\XLingPapertempdim=\dimen627
\XLingPaperspaceneeded=\dimen628
\XLingPaperspaceavailable=\dimen629
\XLingPaperspaceneeded=\dimen630
\XLingPaperspaceavailable=\dimen631
\XLingPaperspaceneeded=\dimen632
\XLingPaperspaceavailable=\dimen633
\XLingPapertempdim=\dimen634
\XLingPapertempdim=\dimen635
\XLingPapertempdim=\dimen636
\XLingPapertempdim=\dimen637
\XLingPaperspaceneeded=\dimen638
\XLingPaperspaceavailable=\dimen639
 [21

]
\XLingPaperspaceneeded=\dimen640
\XLingPaperspaceavailable=\dimen641
\XLingPaperspaceneeded=\dimen642
\XLingPaperspaceavailable=\dimen643
\XLingPapertempdim=\dimen644
\XLingPapertempdim=\dimen645
\XLingPapertempdim=\dimen646
\XLingPapertempdim=\dimen647
\XLingPapertempdim=\dimen648
\XLingPapertempdim=\dimen649
\XLingPapertempdim=\dimen650
\XLingPaperspaceneeded=\dimen651
\XLingPaperspaceavailable=\dimen652
\XLingPaperspaceneeded=\dimen653
\XLingPaperspaceavailable=\dimen654
\XLingPaperspaceneeded=\dimen655
\XLingPaperspaceavailable=\dimen656
Package mdframed Info: mdframed works in twoside mode on input line 1062.


Package Fancyhdr Warning: \headheight is too small (13.5pt): 
 Make it at least 13.59999pt.
 We now make it that large for the rest of the document.
 This may cause the page layout to be inconsistent, however.

[22]
\XLingPaperspaceneeded=\dimen657
\XLingPaperspaceavailable=\dimen658
\XLingPaperspaceneeded=\dimen659
\XLingPaperspaceavailable=\dimen660
\XLingPapertempdim=\dimen661
\XLingPapertempdim=\dimen662

Overfull \hbox (5.72159pt too wide) in paragraph at lines 1080--1080
 \MainFont peut tre envoye  dautres pour crer des livres dans leur l
angue. 
 []

\XLingPaperspaceneeded=\dimen663
\XLingPaperspaceavailable=\dimen664
[23

]
\XLingPaperspaceneeded=\dimen665
\XLingPaperspaceavailable=\dimen666
\XLingPaperspaceneeded=\dimen667
\XLingPaperspaceavailable=\dimen668
\XLingPapertempdim=\dimen669
\XLingPapertempdim=\dimen670
\XLingPapertempdim=\dimen671
\XLingPapertempdim=\dimen672
\XLingPapertempdim=\dimen673
\XLingPapertempdim=\dimen674
\XLingPapertempdim=\dimen675
\XLingPaperspaceneeded=\dimen676
\XLingPaperspaceavailable=\dimen677
\XLingPaperspaceneeded=\dimen678
\XLingPaperspaceavailable=\dimen679
\XLingPaperspaceneeded=\dimen680
\XLingPaperspaceavailable=\dimen681
\XLingPapertempdim=\dimen682
\XLingPapertempdim=\dimen683
\XLingPapertempdim=\dimen684
\XLingPapertempdim=\dimen685
\XLingPapertempdim=\dimen686
\XLingPaperspaceneeded=\dimen687
\XLingPaperspaceavailable=\dimen688


Package Fancyhdr Warning: \headheight is too small (13.5pt): 
 Make it at least 13.59999pt.
 We now make it that large for the rest of the document.
 This may cause the page layout to be inconsistent, however.

[24]
\XLingPaperspaceneeded=\dimen689
\XLingPaperspaceavailable=\dimen690
\XLingPaperspaceneeded=\dimen691
\XLingPaperspaceavailable=\dimen692
\XLingPapertempdim=\dimen693
\XLingPapertempdim=\dimen694
\XLingPapertempdim=\dimen695
\XLingPapertempdim=\dimen696
\XLingPapertempdim=\dimen697
\XLingPapertempdim=\dimen698
\XLingPapertempdim=\dimen699
\XLingPaperspaceneeded=\dimen700
\XLingPaperspaceavailable=\dimen701
\XLingPaperspaceneeded=\dimen702
\XLingPaperspaceavailable=\dimen703
\XLingPaperspaceneeded=\dimen704
\XLingPaperspaceavailable=\dimen705
\XLingPaperspaceneeded=\dimen706
\XLingPaperspaceavailable=\dimen707
\XLingPaperspaceneeded=\dimen708
\XLingPaperspaceavailable=\dimen709
\XLingPaperspaceneeded=\dimen710
\XLingPaperspaceavailable=\dimen711
\XLingPapertempdim=\dimen712
\XLingPapertempdim=\dimen713
\XLingPapertempdim=\dimen714
\XLingPapertempdim=\dimen715
\XLingPaperspaceneeded=\dimen716
\XLingPaperspaceavailable=\dimen717


Package Fancyhdr Warning: \headheight is too small (13.5pt): 
 Make it at least 13.59999pt.
 We now make it that large for the rest of the document.
 This may cause the page layout to be inconsistent, however.

[25]
\XLingPaperspaceneeded=\dimen718
\XLingPaperspaceavailable=\dimen719
\XLingPaperspaceneeded=\dimen720
\XLingPaperspaceavailable=\dimen721
Package mdframed Info: mdframed works in twoside mode on input line 1201.
\XLingPapertempdim=\dimen722
\XLingPapertempdim=\dimen723
\XLingPapertempdim=\dimen724
\XLingPaperspaceneeded=\dimen725
\XLingPaperspaceavailable=\dimen726
\XLingPaperspaceneeded=\dimen727
\XLingPaperspaceavailable=\dimen728
\XLingPaperspaceneeded=\dimen729
\XLingPaperspaceavailable=\dimen730
\XLingPapertempdim=\dimen731
\XLingPapertempdim=\dimen732

Underfull \hbox (badness 10000) in paragraph at lines 1229--1229
 
 []

\XLingPapertempdim=\dimen733
\XLingPapertempdim=\dimen734

Package Fancyhdr Warning: \headheight is too small (13.5pt): 
 Make it at least 13.59999pt.
 We now make it that large for the rest of the document.
 This may cause the page layout to be inconsistent, however.

[26]
\XLingPaperspaceneeded=\dimen735
\XLingPaperspaceavailable=\dimen736
\XLingPaperspaceneeded=\dimen737
\XLingPaperspaceavailable=\dimen738
\XLingPaperspaceneeded=\dimen739
\XLingPaperspaceavailable=\dimen740
\XLingPaperspaceneeded=\dimen741
\XLingPaperspaceavailable=\dimen742
\XLingPaperspaceneeded=\dimen743
\XLingPaperspaceavailable=\dimen744
\XLingPapertempdim=\dimen745
\XLingPaperspaceneeded=\dimen746
\XLingPaperspaceavailable=\dimen747
\XLingPaperspaceneeded=\dimen748
\XLingPaperspaceavailable=\dimen749
\XLingPaperspaceneeded=\dimen750
\XLingPaperspaceavailable=\dimen751
\XLingPapertempdim=\dimen752
\XLingPapertempdim=\dimen753
\XLingPapertempdim=\dimen754
\XLingPaperspaceneeded=\dimen755
\XLingPaperspaceavailable=\dimen756
 [27

]
\XLingPaperspaceneeded=\dimen757
\XLingPaperspaceavailable=\dimen758
\XLingPaperspaceneeded=\dimen759
\XLingPaperspaceavailable=\dimen760
\XLingPapertempdim=\dimen761
\XLingPapertempdim=\dimen762
\XLingPapertempdim=\dimen763
\XLingPaperspaceneeded=\dimen764
\XLingPaperspaceavailable=\dimen765
\XLingPaperspaceneeded=\dimen766
\XLingPaperspaceavailable=\dimen767
\XLingPaperspaceneeded=\dimen768
\XLingPaperspaceavailable=\dimen769
\XLingPapertempdim=\dimen770

Underfull \hbox (badness 10000) in paragraph at lines 1303--1303
 
 []

\XLingPaperspaceneeded=\dimen771
\XLingPaperspaceavailable=\dimen772
\XLingPaperspaceneeded=\dimen773
\XLingPaperspaceavailable=\dimen774
\XLingPaperspaceneeded=\dimen775
\XLingPaperspaceavailable=\dimen776
\XLingPapertempdim=\dimen777

Underfull \hbox (badness 10000) in paragraph at lines 1315--1315
 
 []

\XLingPapertempdim=\dimen778

Underfull \hbox (badness 10000) in paragraph at lines 1318--1318
 
 []

\XLingPapertempdim=\dimen779

Package Fancyhdr Warning: \headheight is too small (13.5pt): 
 Make it at least 13.59999pt.
 We now make it that large for the rest of the document.
 This may cause the page layout to be inconsistent, however.

[28]
Underfull \hbox (badness 10000) in paragraph at lines 1321--1321
 
 []

\XLingPapertempdim=\dimen780

Underfull \hbox (badness 10000) in paragraph at lines 1324--1324
 
 []

\XLingPaperspaceneeded=\dimen781
\XLingPaperspaceavailable=\dimen782
\XLingPaperspaceneeded=\dimen783
\XLingPaperspaceavailable=\dimen784
\XLingPaperspaceneeded=\dimen785
\XLingPaperspaceavailable=\dimen786
\XLingPapertempdim=\dimen787

Overfull \hbox (4.73457pt too wide) in paragraph at lines 1336--1336
 [][] [][]\MainFont Pour crer une page personnalise, cliquez sur \EU1/Times
NewRoman(0)/bx/n/10.95 Ajouter une page\MainFont , 
 []

\XLingPapertempdim=\dimen788
\XLingPapertempdim=\dimen789
\XLingPaperspaceneeded=\dimen790
\XLingPaperspaceavailable=\dimen791

Package Fancyhdr Warning: \headheight is too small (13.5pt): 
 Make it at least 13.59999pt.
 We now make it that large for the rest of the document.
 This may cause the page layout to be inconsistent, however.

[29]
\XLingPaperspaceneeded=\dimen792
\XLingPaperspaceavailable=\dimen793
\XLingPaperspaceneeded=\dimen794
\XLingPaperspaceavailable=\dimen795
\XLingPapertempdim=\dimen796
\XLingPapertempdim=\dimen797
\XLingPapertempdim=\dimen798
\XLingPapertempdim=\dimen799


Package Fancyhdr Warning: \headheight is too small (13.5pt): 
 Make it at least 13.59999pt.
 We now make it that large for the rest of the document.
 This may cause the page layout to be inconsistent, however.

[30]
\XLingPaperspaceneeded=\dimen800
\XLingPaperspaceavailable=\dimen801
\XLingPaperspaceneeded=\dimen802
\XLingPaperspaceavailable=\dimen803

Overfull \hbox (1.41354pt too wide) in paragraph at lines 1373--1373
[]\MainFont Ce module explique comment crer les livres par niveau de difficul
t dans Bloom. 
 []

\XLingPapertempdim=\dimen804
\XLingPapertempdim=\dimen805
\XLingPapertempdim=\dimen806
\XLingPaperspaceneeded=\dimen807
\XLingPaperspaceavailable=\dimen808
\XLingPaperspaceneeded=\dimen809
\XLingPaperspaceavailable=\dimen810
\XLingPaperspaceneeded=\dimen811
\XLingPaperspaceavailable=\dimen812
\XLingPapertempdim=\dimen813
\XLingPapertempdim=\dimen814
\XLingPaperspaceneeded=\dimen815
\XLingPaperspaceavailable=\dimen816
[31

]
\XLingPaperspaceneeded=\dimen817
\XLingPaperspaceavailable=\dimen818
\XLingPaperspaceneeded=\dimen819
\XLingPaperspaceavailable=\dimen820
\XLingPapertempdim=\dimen821
\XLingPapertempdim=\dimen822
\XLingPapertempdim=\dimen823
\XLingPaperspaceneeded=\dimen824
\XLingPaperspaceavailable=\dimen825
\XLingPaperspaceneeded=\dimen826
\XLingPaperspaceavailable=\dimen827
\XLingPaperspaceneeded=\dimen828
\XLingPaperspaceavailable=\dimen829
\XLingPapertempdim=\dimen830
\XLingPapertempdim=\dimen831

Underfull \hbox (badness 10000) in paragraph at lines 1433--1433
 
 []

\XLingPaperspaceneeded=\dimen832
\XLingPaperspaceavailable=\dimen833

Package Fancyhdr Warning: \headheight is too small (13.5pt): 
 Make it at least 13.59999pt.
 We now make it that large for the rest of the document.
 This may cause the page layout to be inconsistent, however.

[32]
\XLingPaperspaceneeded=\dimen834
\XLingPaperspaceavailable=\dimen835
\XLingPaperspaceneeded=\dimen836
\XLingPaperspaceavailable=\dimen837
Package mdframed Info: mdframed works in twoside mode on input line 1443.
\XLingPapertempdim=\dimen838
\XLingPapertempdim=\dimen839

Overfull \hbox (40.90085pt too wide) in paragraph at lines 1453--1453
 [][] [][]\MainFont 2. Dfinissez les mots \EU1/TimesNewRoman(0)/bx/n/10.95 ma
ximums dans chaque phrase \MainFont (parexemple,3). 
 []

\XLingPapertempdim=\dimen840

Overfull \hbox (18.3745pt too wide) in paragraph at lines 1456--1456
 [][] [][]\MainFont 3. Dfinissez le mot \EU1/TimesNewRoman(0)/bx/n/10.95 maxi
mum dans chaque page \MainFont (parexemple,3). 
 []

\XLingPapertempdim=\dimen841

Overfull \hbox (35.85289pt too wide) in paragraph at lines 1459--1459
 [][] [][]\MainFont 4. Dfinissez le nombre \EU1/TimesNewRoman(0)/bx/n/10.95 m
aximum de mots par livre \MainFont (parexemple,20). 
 []

\XLingPapertempdim=\dimen842
\XLingPaperspaceneeded=\dimen843
\XLingPaperspaceavailable=\dimen844
\XLingPaperspaceneeded=\dimen845
\XLingPaperspaceavailable=\dimen846
\XLingPaperspaceneeded=\dimen847
\XLingPaperspaceavailable=\dimen848
\XLingPapertempdim=\dimen849
\XLingPapertempdim=\dimen850
\XLingPapertempdim=\dimen851
\XLingPapertempdim=\dimen852
\XLingPapertempdim=\dimen853
\XLingPapertempdim=\dimen854

Overfull \hbox (424.65465pt too wide) in paragraph at lines 1491--1536
[]|                                                                            
                                                                               
                                                                               
                                                                               
                                                                               
                 
 []


Overfull \vbox (13.49167pt too high) has occurred while \output is active []



Package Fancyhdr Warning: \headheight is too small (13.5pt): 
 Make it at least 13.59999pt.
 We now make it that large for the rest of the document.
 This may cause the page layout to be inconsistent, however.

[33]
\XLingPaperspaceneeded=\dimen855
\XLingPaperspaceavailable=\dimen856
\XLingPaperspaceneeded=\dimen857
\XLingPaperspaceavailable=\dimen858
\XLingPaperspaceneeded=\dimen859
\XLingPaperspaceavailable=\dimen860
\XLingPapertempdim=\dimen861
\XLingPapertempdim=\dimen862

Underfull \hbox (badness 10000) in paragraph at lines 1557--1557
 
 []

\XLingPaperspaceneeded=\dimen863
\XLingPaperspaceavailable=\dimen864
\XLingPaperspaceneeded=\dimen865
\XLingPaperspaceavailable=\dimen866
\XLingPaperspaceneeded=\dimen867
\XLingPaperspaceavailable=\dimen868
\XLingPapertempdim=\dimen869
\XLingPaperspaceneeded=\dimen870
\XLingPaperspaceavailable=\dimen871
\XLingPaperspaceneeded=\dimen872
\XLingPaperspaceavailable=\dimen873
\XLingPaperspaceneeded=\dimen874
\XLingPaperspaceavailable=\dimen875
\XLingPapertempdim=\dimen876

Underfull \hbox (badness 10000) in paragraph at lines 1581--1581
 
 []

Package mdframed Info: mdframed works in twoside mode on input line 1585.
\XLingPaperspaceneeded=\dimen877
\XLingPaperspaceavailable=\dimen878

Package Fancyhdr Warning: \headheight is too small (13.5pt): 
 Make it at least 13.59999pt.
 We now make it that large for the rest of the document.
 This may cause the page layout to be inconsistent, however.

[34]
\XLingPaperspaceneeded=\dimen879
\XLingPaperspaceavailable=\dimen880
\XLingPaperspaceneeded=\dimen881
\XLingPaperspaceavailable=\dimen882
\XLingPapertempdim=\dimen883

Underfull \hbox (badness 10000) in paragraph at lines 1596--1596
 
 []

\XLingPaperspaceneeded=\dimen884
\XLingPaperspaceavailable=\dimen885
\XLingPaperspaceneeded=\dimen886
\XLingPaperspaceavailable=\dimen887
\XLingPaperspaceneeded=\dimen888
\XLingPaperspaceavailable=\dimen889
Package mdframed Info: mdframed works in twoside mode on input line 1606.
\XLingPapertempdim=\dimen890
\XLingPapertempdim=\dimen891

Underfull \hbox (badness 10000) in paragraph at lines 1616--1616
 
 []

\XLingPapertempdim=\dimen892
\XLingPapertempdim=\dimen893
\XLingPapertempdim=\dimen894
\XLingPapertempdim=\dimen895

Package Fancyhdr Warning: \headheight is too small (13.5pt): 
 Make it at least 13.59999pt.
 We now make it that large for the rest of the document.
 This may cause the page layout to be inconsistent, however.

[35]
\XLingPaperspaceneeded=\dimen896
\XLingPaperspaceavailable=\dimen897
\XLingPaperspaceneeded=\dimen898
\XLingPaperspaceavailable=\dimen899

Overfull \hbox (3.54944pt too wide) in paragraph at lines 1638--1638
[]\MainFont Ce module nous allons apprendre comment crer un livre dchiffrab
le dans Bloom
 []

\XLingPapertempdim=\dimen900
\XLingPapertempdim=\dimen901
\XLingPapertempdim=\dimen902
\XLingPaperspaceneeded=\dimen903
\XLingPaperspaceavailable=\dimen904
[36

]
\XLingPaperspaceneeded=\dimen905
\XLingPaperspaceavailable=\dimen906
\XLingPaperspaceneeded=\dimen907
\XLingPaperspaceavailable=\dimen908
\XLingPapertempdim=\dimen909
\XLingPapertempdim=\dimen910
\XLingPapertempdim=\dimen911
\XLingPapertempdim=\dimen912
\XLingPaperspaceneeded=\dimen913
\XLingPaperspaceavailable=\dimen914
\XLingPaperspaceneeded=\dimen915
\XLingPaperspaceavailable=\dimen916
\XLingPaperspaceneeded=\dimen917
\XLingPaperspaceavailable=\dimen918
\XLingPapertempdim=\dimen919
\XLingPapertempdim=\dimen920
\XLingPaperspaceneeded=\dimen921
\XLingPaperspaceavailable=\dimen922
\XLingPaperspaceneeded=\dimen923
\XLingPaperspaceavailable=\dimen924
\XLingPaperspaceneeded=\dimen925
\XLingPaperspaceavailable=\dimen926
\XLingPapertempdim=\dimen927

Overfull \hbox (2.01038pt too wide) in paragraph at lines 1698--1698
 [][] [][]\MainFont Si ncessaire, cliquez sur [] ( droite) pour voir le vol
et d'outils. 
 []

\XLingPapertempdim=\dimen928
\XLingPaperspaceneeded=\dimen929
\XLingPaperspaceavailable=\dimen930

Package Fancyhdr Warning: \headheight is too small (13.5pt): 
 Make it at least 13.59999pt.
 We now make it that large for the rest of the document.
 This may cause the page layout to be inconsistent, however.

[37]
\XLingPaperspaceneeded=\dimen931
\XLingPaperspaceavailable=\dimen932
\XLingPaperspaceneeded=\dimen933
\XLingPaperspaceavailable=\dimen934
\XLingPapertempdim=\dimen935
\XLingPapertempdim=\dimen936

Underfull \hbox (badness 10000) in paragraph at lines 1716--1716
 
 []

\XLingPaperspaceneeded=\dimen937
\XLingPaperspaceavailable=\dimen938
\XLingPaperspaceneeded=\dimen939
\XLingPaperspaceavailable=\dimen940
\XLingPaperspaceneeded=\dimen941
\XLingPaperspaceavailable=\dimen942
\XLingPapertempdim=\dimen943
\XLingPapertempdim=\dimen944
\XLingPapertempdim=\dimen945
\XLingPapertempdim=\dimen946
\XLingPapertempdim=\dimen947

Package Fancyhdr Warning: \headheight is too small (13.5pt): 
 Make it at least 13.59999pt.
 We now make it that large for the rest of the document.
 This may cause the page layout to be inconsistent, however.

[38]
\XLingPaperspaceneeded=\dimen948
\XLingPaperspaceavailable=\dimen949
\XLingPaperspaceneeded=\dimen950
\XLingPaperspaceavailable=\dimen951
\XLingPapertempdim=\dimen952
\XLingPapertempdim=\dimen953

Overfull \hbox (4.31793pt too wide) in paragraph at lines 1759--1759
 [][] [][]\MainFont Vous ouvrez ensuite votre livre et le reformatez pour qu'il
 s'adapte
 []

\XLingPapertempdim=\dimen954
\XLingPaperspaceneeded=\dimen955
\XLingPaperspaceavailable=\dimen956
[39

]
\XLingPaperspaceneeded=\dimen957
\XLingPaperspaceavailable=\dimen958
\XLingPaperspaceneeded=\dimen959
\XLingPaperspaceavailable=\dimen960
\XLingPapertempdim=\dimen961
\XLingPapertempdim=\dimen962
\XLingPapertempdim=\dimen963
\XLingPapertempdim=\dimen964
\XLingPapertempdim=\dimen965
\XLingPaperspaceneeded=\dimen966
\XLingPaperspaceavailable=\dimen967
\XLingPaperspaceneeded=\dimen968
\XLingPaperspaceavailable=\dimen969
\XLingPaperspaceneeded=\dimen970
\XLingPaperspaceavailable=\dimen971
\XLingPaperspaceneeded=\dimen972
\XLingPaperspaceavailable=\dimen973
\XLingPaperspaceneeded=\dimen974
\XLingPaperspaceavailable=\dimen975
\XLingPaperspaceneeded=\dimen976
\XLingPaperspaceavailable=\dimen977
\XLingPapertempdim=\dimen978
\XLingPapertempdim=\dimen979

Underfull \hbox (badness 10000) in paragraph at lines 1809--1809
 
 []


Package Fancyhdr Warning: \headheight is too small (13.5pt): 
 Make it at least 13.59999pt.
 We now make it that large for the rest of the document.
 This may cause the page layout to be inconsistent, however.

[40]
\XLingPaperspaceneeded=\dimen980
\XLingPaperspaceavailable=\dimen981
\XLingPaperspaceneeded=\dimen982
\XLingPaperspaceavailable=\dimen983
\XLingPaperspaceneeded=\dimen984
\XLingPaperspaceavailable=\dimen985
\XLingPapertempdim=\dimen986
\XLingPaperspaceneeded=\dimen987
\XLingPaperspaceavailable=\dimen988


Package Fancyhdr Warning: \headheight is too small (13.5pt): 
 Make it at least 13.59999pt.
 We now make it that large for the rest of the document.
 This may cause the page layout to be inconsistent, however.

[41]
\XLingPaperspaceneeded=\dimen989
\XLingPaperspaceavailable=\dimen990
\XLingPaperspaceneeded=\dimen991
\XLingPaperspaceavailable=\dimen992
\XLingPaperspaceneeded=\dimen993
\XLingPaperspaceavailable=\dimen994
\XLingPaperspaceneeded=\dimen995
\XLingPaperspaceavailable=\dimen996
\XLingPaperspaceneeded=\dimen997
\XLingPaperspaceavailable=\dimen998
\XLingPapertempdim=\dimen999
\XLingPapertempdim=\dimen1000
\XLingPaperspaceneeded=\dimen1001
\XLingPaperspaceavailable=\dimen1002
\XLingPaperspaceneeded=\dimen1003
\XLingPaperspaceavailable=\dimen1004
\XLingPaperspaceneeded=\dimen1005
\XLingPaperspaceavailable=\dimen1006
\XLingPapertempdim=\dimen1007
\XLingPapertempdim=\dimen1008

Underfull \hbox (badness 10000) in paragraph at lines 1857--1857
 
 []

\XLingPapertempdim=\dimen1009

Overfull \hbox (13.12785pt too wide) in paragraph at lines 1860--1860
 [][] [][]\MainFont Si vous le souhaitez, slectionnez la couleur dans \EU1/Ti
mesNewRoman(0)/bx/n/10.95 Settings \MainFont (Couleur
 []


Underfull \hbox (badness 10000) in paragraph at lines 1860--1860
 
 []

\XLingPapertempdim=\dimen1010

Package Fancyhdr Warning: \headheight is too small (13.5pt): 
 Make it at least 13.59999pt.
 We now make it that large for the rest of the document.
 This may cause the page layout to be inconsistent, however.

[42]
Underfull \hbox (badness 10000) in paragraph at lines 1863--1863
 
 []

\XLingPaperspaceneeded=\dimen1011
\XLingPaperspaceavailable=\dimen1012
\XLingPaperspaceneeded=\dimen1013
\XLingPaperspaceavailable=\dimen1014
\XLingPaperspaceneeded=\dimen1015
\XLingPaperspaceavailable=\dimen1016

Package Fancyhdr Warning: \headheight is too small (13.5pt): 
 Make it at least 13.59999pt.
 We now make it that large for the rest of the document.
 This may cause the page layout to be inconsistent, however.

[43]
\XLingPaperspaceneeded=\dimen1017
\XLingPaperspaceavailable=\dimen1018
\XLingPaperspaceneeded=\dimen1019
\XLingPaperspaceavailable=\dimen1020
\XLingPaperspaceneeded=\dimen1021
\XLingPaperspaceavailable=\dimen1022
\XLingPaperspaceneeded=\dimen1023
\XLingPaperspaceavailable=\dimen1024

Overfull \hbox (1025.99132pt too wide) in paragraph at lines 1892--1974
[]|                                                                            
                                                                               
                                                                               
                                                                               
                                                                               
                                                                               
                                                                               
                                                                               
                                                                               
                             
 []


Overfull \vbox (5.86504pt too high) has occurred while \output is active []


[44

]

Package Fancyhdr Warning: \headheight is too small (13.5pt): 
 Make it at least 13.59999pt.
 We now make it that large for the rest of the document.
 This may cause the page layout to be inconsistent, however.

[45] (./Bloom.aux) ) 
Here is how much of TeX's memory you used:
 25297 strings out of 494535
 458455 string characters out of 3159869
 554779 words of memory out of 3000000
 28002 multiletter control sequences out of 15000+200000
 6765 words of font info for 59 fonts, out of 3000000 for 9000
 669 hyphenation exceptions out of 8191
 68i,13n,75p,1279b,963s stack positions out of 5000i,500n,10000p,200000b,50000s

Output written on Bloom.pdf (50 pages).
